<?xml version="1.0" encoding="UTF-8"?>
<!-- Generated by org.testng.reporters.JUnitXMLReporter -->
<testsuite hostname="QA-W7E64-W-21" name="Canvas Configurtaion Number 75" tests="8" failures="0" timestamp="1 Jan 2018 23:26:48 GMT" time="461.431" errors="0">
  <testcase name="checkSsoAsInstructorClassic" time="48.399" classname="com.mcgraw.test.automation.tests.canvas.configurations.CustomCanvasConfiguration75"/>
  <testcase name="checkSsoAsStudentClassic" time="47.27" classname="com.mcgraw.test.automation.tests.canvas.configurations.CustomCanvasConfiguration75"/>
  <testcase name="checkSubmittingTestScorableItemFormIsSuccessfullClassic" time="7.155" classname="com.mcgraw.test.automation.tests.canvas.configurations.CustomCanvasConfiguration75"/>
  <testcase name="checkSubmittingTestScoreFormIsSuccessfullForStudentClassic" time="5.694" classname="com.mcgraw.test.automation.tests.canvas.configurations.CustomCanvasConfiguration75"/>
  <testcase name="checkSsoAsInstructorDeep" time="57.613" classname="com.mcgraw.test.automation.tests.canvas.configurations.CustomCanvasConfiguration75"/>
  <testcase name="checkSsoAsStudentDeep" time="67.345" classname="com.mcgraw.test.automation.tests.canvas.configurations.CustomCanvasConfiguration75"/>
  <testcase name="checkSubmittingTestScorableItemFormIsSuccessfullDeep" time="7.871" classname="com.mcgraw.test.automation.tests.canvas.configurations.CustomCanvasConfiguration75"/>
  <testcase name="checkSubmittingTestScoreFormIsSuccessfullForStudentDeep" time="6.428" classname="com.mcgraw.test.automation.tests.canvas.configurations.CustomCanvasConfiguration75"/>
</testsuite> <!-- Canvas Configurtaion Number 75 -->
