<?xml version="1.0" encoding="UTF-8"?>
<!-- Generated by org.testng.reporters.JUnitXMLReporter -->
<testsuite hostname="QA-W7E64-W-21" name="Canvas Configurtaion Number 43" tests="8" failures="0" timestamp="1 Jan 2018 20:03:41 GMT" time="483.998" errors="0">
  <testcase name="SSOasInstructor" time="48.587" classname="com.mcgraw.test.automation.tests.canvas.configurations.CustomCanvasConfiguration43"/>
  <testcase name="SSOasStudent" time="48.052" classname="com.mcgraw.test.automation.tests.canvas.configurations.CustomCanvasConfiguration43"/>
  <testcase name="checkSubmittingTestScorableItemFormIsSuccessfull" time="16.261" classname="com.mcgraw.test.automation.tests.canvas.configurations.CustomCanvasConfiguration43"/>
  <testcase name="checkSubmittingTestScoreFormIsSuccessfullForStudent" time="14.733" classname="com.mcgraw.test.automation.tests.canvas.configurations.CustomCanvasConfiguration43"/>
  <testcase name="DeepSSOasInstructor" time="58.849" classname="com.mcgraw.test.automation.tests.canvas.configurations.CustomCanvasConfiguration43"/>
  <testcase name="DeepSSOasStudent" time="67.599" classname="com.mcgraw.test.automation.tests.canvas.configurations.CustomCanvasConfiguration43"/>
  <testcase name="checkDeepSubmittingTestScorableItemFormIsSuccessfull" time="16.367" classname="com.mcgraw.test.automation.tests.canvas.configurations.CustomCanvasConfiguration43"/>
  <testcase name="checkDeppSubmittingTestScoreFormIsSuccessfullForStudent" time="16.086" classname="com.mcgraw.test.automation.tests.canvas.configurations.CustomCanvasConfiguration43"/>
</testsuite> <!-- Canvas Configurtaion Number 43 -->
