<?xml version="1.0" encoding="UTF-8"?>
<!-- Generated by org.testng.reporters.JUnitXMLReporter -->
<testsuite hostname="QA-W7E64-W-21" name="Canvas Configurtaion Number 24" tests="10" failures="0" timestamp="1 Jan 2018 17:50:06 GMT" time="481.026" errors="0">
  <testcase name="ssoAsInstructorWithIlt" time="49.195" classname="com.mcgraw.test.automation.tests.canvas.configurations.CustomCanvasConfiguration24"/>
  <testcase name="ssoAsStudent" time="45.24" classname="com.mcgraw.test.automation.tests.canvas.configurations.CustomCanvasConfiguration24"/>
  <testcase name="checkSubmittingTestScorableItemFormIsSuccessfull" time="7.662" classname="com.mcgraw.test.automation.tests.canvas.configurations.CustomCanvasConfiguration24"/>
  <testcase name="checkSubmittingTestScoreFormIsSuccessfullForStudent" time="5.809" classname="com.mcgraw.test.automation.tests.canvas.configurations.CustomCanvasConfiguration24"/>
  <testcase name="checkSubmittingTestScorableItemForExist" time="6.273" classname="com.mcgraw.test.automation.tests.canvas.configurations.CustomCanvasConfiguration24"/>
  <testcase name="checkSubmittingTestScoreForExist" time="5.732" classname="com.mcgraw.test.automation.tests.canvas.configurations.CustomCanvasConfiguration24"/>
  <testcase name="ssoAsInstructorDI" time="59.012" classname="com.mcgraw.test.automation.tests.canvas.configurations.CustomCanvasConfiguration24"/>
  <testcase name="ssoAsStudentDI" time="67.813" classname="com.mcgraw.test.automation.tests.canvas.configurations.CustomCanvasConfiguration24"/>
  <testcase name="checkSubmittingTestScorableItemForDI" time="7.65" classname="com.mcgraw.test.automation.tests.canvas.configurations.CustomCanvasConfiguration24"/>
  <testcase name="checkSubmittingTestScoreForStudentDI" time="6.25" classname="com.mcgraw.test.automation.tests.canvas.configurations.CustomCanvasConfiguration24"/>
</testsuite> <!-- Canvas Configurtaion Number 24 -->
