<?xml version="1.0" encoding="UTF-8"?>
<!-- Generated by org.testng.reporters.JUnitXMLReporter -->
<testsuite hostname="QA-W7E64-W-21" name="Canvas Configurtaion Number 78" tests="4" failures="0" timestamp="1 Jan 2018 23:43:21 GMT" time="264.778" errors="0">
  <testcase name="SSOasInstructor" time="47.559" classname="com.mcgraw.test.automation.tests.canvas.configurations.CustomCanvasConfiguration78"/>
  <testcase name="SSOasStudent" time="48.007" classname="com.mcgraw.test.automation.tests.canvas.configurations.CustomCanvasConfiguration78"/>
  <testcase name="checkSubmittingTestScorableItemFormIsSuccessfull" time="8.156" classname="com.mcgraw.test.automation.tests.canvas.configurations.CustomCanvasConfiguration78"/>
  <testcase name="checkSubmittingTestScoreFormIsSuccessfullForStudent" time="5.363" classname="com.mcgraw.test.automation.tests.canvas.configurations.CustomCanvasConfiguration78"/>
</testsuite> <!-- Canvas Configurtaion Number 78 -->
