<?xml version="1.0" encoding="UTF-8"?>
<!-- Generated by org.testng.reporters.JUnitXMLReporter -->
<testsuite hostname="QA-W7E64-W-21" name="Canvas Configurtaion Number 48" tests="4" failures="0" timestamp="1 Jan 2018 20:37:39 GMT" time="268.511" errors="0">
  <testcase name="checkSsoAsInstructorClassic" time="48.296" classname="com.mcgraw.test.automation.tests.canvas.configurations.CustomCanvasConfiguration48"/>
  <testcase name="checkSsoAsStudentClassic" time="47.727" classname="com.mcgraw.test.automation.tests.canvas.configurations.CustomCanvasConfiguration48"/>
  <testcase name="checkSubmittingTestScorableItemFormIsSuccessfullClassic" time="10.073" classname="com.mcgraw.test.automation.tests.canvas.configurations.CustomCanvasConfiguration48"/>
  <testcase name="checkSubmittingTestScoreFormIsSuccessfullForStudentClassic" time="9.101" classname="com.mcgraw.test.automation.tests.canvas.configurations.CustomCanvasConfiguration48"/>
</testsuite> <!-- Canvas Configurtaion Number 48 -->
