<?xml version="1.0" encoding="UTF-8"?>
<!-- Generated by org.testng.reporters.JUnitXMLReporter -->
<testsuite hostname="QA-W7E64-W-21" name="Canvas Configurtaion Number 38" tests="10" failures="0" timestamp="1 Jan 2018 19:21:32 GMT" time="498.529" errors="0">
  <testcase name="SSOasInstructor" time="48.207" classname="com.mcgraw.test.automation.tests.canvas.configurations.CustomCanvasConfiguration38"/>
  <testcase name="SSOasStudent" time="48.53" classname="com.mcgraw.test.automation.tests.canvas.configurations.CustomCanvasConfiguration38"/>
  <testcase name="testScorableItemSuccessSubmit" time="7.686" classname="com.mcgraw.test.automation.tests.canvas.configurations.CustomCanvasConfiguration38"/>
  <testcase name="testScoreSuccessSubmit" time="5.647" classname="com.mcgraw.test.automation.tests.canvas.configurations.CustomCanvasConfiguration38"/>
  <testcase name="testScorableItemSuccessSubmitExist" time="6.041" classname="com.mcgraw.test.automation.tests.canvas.configurations.CustomCanvasConfiguration38"/>
  <testcase name="testScoreSuccessSubmitExist" time="5.84" classname="com.mcgraw.test.automation.tests.canvas.configurations.CustomCanvasConfiguration38"/>
  <testcase name="testSSOasInstructorDI" time="58.706" classname="com.mcgraw.test.automation.tests.canvas.configurations.CustomCanvasConfiguration38"/>
  <testcase name="testSSOasStudentDI" time="66.573" classname="com.mcgraw.test.automation.tests.canvas.configurations.CustomCanvasConfiguration38"/>
  <testcase name="testScorableItemSuccessSubmitDI" time="7.214" classname="com.mcgraw.test.automation.tests.canvas.configurations.CustomCanvasConfiguration38"/>
  <testcase name="testScoreSuccessSubmitDI" time="6.327" classname="com.mcgraw.test.automation.tests.canvas.configurations.CustomCanvasConfiguration38"/>
</testsuite> <!-- Canvas Configurtaion Number 38 -->
