<?xml version="1.0" encoding="UTF-8"?>
<!-- Generated by org.testng.reporters.JUnitXMLReporter -->
<testsuite hostname="QA-W7E64-W-21" name="Canvas Configurtaion Number 39" tests="8" failures="0" timestamp="1 Jan 2018 19:30:27 GMT" time="534.906" errors="0">
  <testcase name="SSOasInstructor" time="54.597" classname="com.mcgraw.test.automation.tests.canvas.configurations.CustomCanvasConfiguration39"/>
  <testcase name="SSOasStudent" time="49.665" classname="com.mcgraw.test.automation.tests.canvas.configurations.CustomCanvasConfiguration39"/>
  <testcase name="checkExistSubmittingTestScorableItemFormIsSuccessfull" time="7.631" classname="com.mcgraw.test.automation.tests.canvas.configurations.CustomCanvasConfiguration39"/>
  <testcase name="checkSubmittingTestScoreFormIsSuccessfullForStudent" time="5.622" classname="com.mcgraw.test.automation.tests.canvas.configurations.CustomCanvasConfiguration39"/>
  <testcase name="DeepSSOasInstructor" time="44.628" classname="com.mcgraw.test.automation.tests.canvas.configurations.CustomCanvasConfiguration39"/>
  <testcase name="DeepSSOasStudent" time="132.849" classname="com.mcgraw.test.automation.tests.canvas.configurations.CustomCanvasConfiguration39"/>
  <testcase name="checkDeepSubmittingTestScorableItemFormIsSuccessfull" time="8.023" classname="com.mcgraw.test.automation.tests.canvas.configurations.CustomCanvasConfiguration39"/>
  <testcase name="checkDeppSubmittingTestScoreFormIsSuccessfullForStudent" time="6.562" classname="com.mcgraw.test.automation.tests.canvas.configurations.CustomCanvasConfiguration39"/>
</testsuite> <!-- Canvas Configurtaion Number 39 -->
