<?xml version="1.0" encoding="UTF-8"?>
<!-- Generated by org.testng.reporters.JUnitXMLReporter -->
<testsuite hostname="QA-W7E64-W-21" name="Canvas Configurtaion Number 1" tests="10" failures="0" timestamp="3 Jan 2018 15:30:08 GMT" time="559.236" errors="0">
  <testcase name="SSOasInstructor" time="57.205" classname="com.mcgraw.test.automation.tests.canvas.configurations.CustomCanvasConfiguration1"/>
  <testcase name="SSOasStudent" time="51.342" classname="com.mcgraw.test.automation.tests.canvas.configurations.CustomCanvasConfiguration1"/>
  <testcase name="checkSubmittingTestScorableItemFormIsSuccessfull" time="8.845" classname="com.mcgraw.test.automation.tests.canvas.configurations.CustomCanvasConfiguration1"/>
  <testcase name="checkSubmittingTestScoreFormIsSuccessfullForStudent" time="6.335" classname="com.mcgraw.test.automation.tests.canvas.configurations.CustomCanvasConfiguration1"/>
  <testcase name="checkExistSubmittingTestScorableItemFormIsSuccessfull" time="6.998" classname="com.mcgraw.test.automation.tests.canvas.configurations.CustomCanvasConfiguration1"/>
  <testcase name="checkExistSubmittingTestScoreFormIsSuccessfullForStudent" time="6.17" classname="com.mcgraw.test.automation.tests.canvas.configurations.CustomCanvasConfiguration1"/>
  <testcase name="DeepSSOasInstructor" time="60.286" classname="com.mcgraw.test.automation.tests.canvas.configurations.CustomCanvasConfiguration1"/>
  <testcase name="DeepSSOasStudent" time="68.619" classname="com.mcgraw.test.automation.tests.canvas.configurations.CustomCanvasConfiguration1"/>
  <testcase name="checkDeepSubmittingTestScorableItemFormIsSuccessfull" time="8.835" classname="com.mcgraw.test.automation.tests.canvas.configurations.CustomCanvasConfiguration1"/>
  <testcase name="checkDeppSubmittingTestScoreFormIsSuccessfullForStudent" time="7.212" classname="com.mcgraw.test.automation.tests.canvas.configurations.CustomCanvasConfiguration1"/>
</testsuite> <!-- Canvas Configurtaion Number 1 -->
