<?xml version="1.0" encoding="UTF-8"?>
<!-- Generated by org.testng.reporters.JUnitXMLReporter -->
<testsuite hostname="QA-W7E64-W-21" name="Canvas Configurtaion Number 84" tests="8" failures="0" timestamp="2 Jan 2018 00:24:53 GMT" time="507.037" errors="0">
  <testcase name="ssoAsInstructorWithIlt" time="52.56" classname="com.mcgraw.test.automation.tests.canvas.configurations.CustomCanvasConfiguration84"/>
  <testcase name="ssoAsStudent" time="47.724" classname="com.mcgraw.test.automation.tests.canvas.configurations.CustomCanvasConfiguration84"/>
  <testcase name="checkSubmittingTestScorableItemFormIsSuccessfull" time="8.302" classname="com.mcgraw.test.automation.tests.canvas.configurations.CustomCanvasConfiguration84"/>
  <testcase name="checkSubmittingTestScoreFormIsSuccessfullForStudent" time="6.437" classname="com.mcgraw.test.automation.tests.canvas.configurations.CustomCanvasConfiguration84"/>
  <testcase name="ssoAsInstructorDI" time="61.75" classname="com.mcgraw.test.automation.tests.canvas.configurations.CustomCanvasConfiguration84"/>
  <testcase name="ssoAsStudentDI" time="70.56" classname="com.mcgraw.test.automation.tests.canvas.configurations.CustomCanvasConfiguration84"/>
  <testcase name="checkSubmittingTestScorableItemForDI" time="7.818" classname="com.mcgraw.test.automation.tests.canvas.configurations.CustomCanvasConfiguration84"/>
  <testcase name="checkSubmittingTestScoreForStudentDI" time="6.793" classname="com.mcgraw.test.automation.tests.canvas.configurations.CustomCanvasConfiguration84"/>
</testsuite> <!-- Canvas Configurtaion Number 84 -->
