<?xml version="1.0" encoding="UTF-8"?>
<!-- Generated by org.testng.reporters.JUnitXMLReporter -->
<testsuite hostname="QA-W7E64-W-21" name="Canvas Configurtaion Number 19" tests="4" failures="0" timestamp="1 Jan 2018 17:09:41 GMT" time="264.356" errors="0">
  <testcase name="checkSubmittingTestScorableItemFormIsSuccessfull" time="8.177" classname="com.mcgraw.test.automation.tests.canvas.configurations.CustomCanvasConfiguration19"/>
  <testcase name="SSOasInstructor" time="45.606" classname="com.mcgraw.test.automation.tests.canvas.configurations.CustomCanvasConfiguration19"/>
  <testcase name="SSOasStudent" time="45.544" classname="com.mcgraw.test.automation.tests.canvas.configurations.CustomCanvasConfiguration19"/>
  <testcase name="checkSubmittingTestScoreFormIsSuccessfullForStudent1" time="6.807" classname="com.mcgraw.test.automation.tests.canvas.configurations.CustomCanvasConfiguration19"/>
</testsuite> <!-- Canvas Configurtaion Number 19 -->
