<?xml version="1.0" encoding="UTF-8"?>
<!-- Generated by org.testng.reporters.JUnitXMLReporter -->
<testsuite hostname="QA-W7E64-W-21" name="Canvas Configurtaion Number 14" tests="10" failures="0" timestamp="1 Jan 2018 17:01:08 GMT" time="485.821" errors="0">
  <testcase name="ssoAsInstructor" time="48.692" classname="com.mcgraw.test.automation.tests.canvas.configurations.CustomCanvasConfiguration14"/>
  <testcase name="ssoAsStudent" time="47.111" classname="com.mcgraw.test.automation.tests.canvas.configurations.CustomCanvasConfiguration14"/>
  <testcase name="checkSubmittingTestScorableItemFormIsSuccessfull" time="8.289" classname="com.mcgraw.test.automation.tests.canvas.configurations.CustomCanvasConfiguration14"/>
  <testcase name="checkSubmittingTestScoreFormIsSuccessfullForStudent" time="5.586" classname="com.mcgraw.test.automation.tests.canvas.configurations.CustomCanvasConfiguration14"/>
  <testcase name="checkSubmittingTestScorableItemForExist" time="5.953" classname="com.mcgraw.test.automation.tests.canvas.configurations.CustomCanvasConfiguration14"/>
  <testcase name="checkSubmittingTestScoreForExist" time="5.53" classname="com.mcgraw.test.automation.tests.canvas.configurations.CustomCanvasConfiguration14"/>
  <testcase name="ssoAsInstructorDI" time="58.916" classname="com.mcgraw.test.automation.tests.canvas.configurations.CustomCanvasConfiguration14"/>
  <testcase name="ssoAsStudentDI" time="67.394" classname="com.mcgraw.test.automation.tests.canvas.configurations.CustomCanvasConfiguration14"/>
  <testcase name="checkSubmittingTestScorableItemForDI" time="7.986" classname="com.mcgraw.test.automation.tests.canvas.configurations.CustomCanvasConfiguration14"/>
  <testcase name="checkSubmittingTestScoreForStudentDI" time="6.49" classname="com.mcgraw.test.automation.tests.canvas.configurations.CustomCanvasConfiguration14"/>
</testsuite> <!-- Canvas Configurtaion Number 14 -->
