<?xml version="1.0" encoding="UTF-8"?>
<!-- Generated by org.testng.reporters.JUnitXMLReporter -->
<testsuite hostname="QA-W7E64-W-21" name="Canvas Configurtaion Number 79" tests="10" failures="0" timestamp="1 Jan 2018 23:51:09 GMT" time="467.287" errors="0">
  <testcase name="ssoAsInstructorWithIlt" time="44.174" classname="com.mcgraw.test.automation.tests.canvas.configurations.CustomCanvasConfiguration79"/>
  <testcase name="ssoAsStudent" time="41.614" classname="com.mcgraw.test.automation.tests.canvas.configurations.CustomCanvasConfiguration79"/>
  <testcase name="checkSubmittingTestScorableItemFormIsSuccessfull" time="8.628" classname="com.mcgraw.test.automation.tests.canvas.configurations.CustomCanvasConfiguration79"/>
  <testcase name="checkSubmittingTestScoreFormIsSuccessfullForStudent" time="5.934" classname="com.mcgraw.test.automation.tests.canvas.configurations.CustomCanvasConfiguration79"/>
  <testcase name="checkSubmittingTestScorableItemForExist" time="6.341" classname="com.mcgraw.test.automation.tests.canvas.configurations.CustomCanvasConfiguration79"/>
  <testcase name="checkSubmittingTestScoreForExist" time="5.392" classname="com.mcgraw.test.automation.tests.canvas.configurations.CustomCanvasConfiguration79"/>
  <testcase name="ssoAsInstructorDI" time="58.264" classname="com.mcgraw.test.automation.tests.canvas.configurations.CustomCanvasConfiguration79"/>
  <testcase name="ssoAsStudentDI" time="67.019" classname="com.mcgraw.test.automation.tests.canvas.configurations.CustomCanvasConfiguration79"/>
  <testcase name="checkSubmittingTestScorableItemForDI" time="7.946" classname="com.mcgraw.test.automation.tests.canvas.configurations.CustomCanvasConfiguration79"/>
  <testcase name="checkSubmittingTestScoreForStudentDI" time="6.282" classname="com.mcgraw.test.automation.tests.canvas.configurations.CustomCanvasConfiguration79"/>
</testsuite> <!-- Canvas Configurtaion Number 79 -->
