<?xml version="1.0" encoding="UTF-8"?>
<!-- Generated by org.testng.reporters.JUnitXMLReporter -->
<testsuite hostname="QA-W7E64-W-21" name="Canvas Configurtaion Number 8" tests="8" failures="0" timestamp="1 Jan 2018 16:24:05 GMT" time="495.18" errors="0">
  <testcase name="SSOasInstructorWithILT" time="55.705" classname="com.mcgraw.test.automation.tests.canvas.configurations.CustomCanvasConfiguration8"/>
  <testcase name="SSOasStudent" time="48.327" classname="com.mcgraw.test.automation.tests.canvas.configurations.CustomCanvasConfiguration8"/>
  <testcase name="testScorableItemSuccessSubmit" time="7.463" classname="com.mcgraw.test.automation.tests.canvas.configurations.CustomCanvasConfiguration8"/>
  <testcase name="testScoreSuccessSubmit" time="5.396" classname="com.mcgraw.test.automation.tests.canvas.configurations.CustomCanvasConfiguration8"/>
  <testcase name="testSSOasInstructorDI" time="58.843" classname="com.mcgraw.test.automation.tests.canvas.configurations.CustomCanvasConfiguration8"/>
  <testcase name="testSSOasStudentDI" time="67.45" classname="com.mcgraw.test.automation.tests.canvas.configurations.CustomCanvasConfiguration8"/>
  <testcase name="testScorableItemSuccessSubmitDI" time="7.965" classname="com.mcgraw.test.automation.tests.canvas.configurations.CustomCanvasConfiguration8"/>
  <testcase name="testScoreSuccessSubmitDI" time="6.052" classname="com.mcgraw.test.automation.tests.canvas.configurations.CustomCanvasConfiguration8"/>
</testsuite> <!-- Canvas Configurtaion Number 8 -->
