<?xml version="1.0" encoding="UTF-8"?>
<!-- Generated by org.testng.reporters.JUnitXMLReporter -->
<testsuite hostname="QA-W7E64-W-21" name="Canvas Configurtaion Number 37" tests="10" failures="0" timestamp="1 Jan 2018 19:13:13 GMT" time="499.889" errors="0">
  <testcase name="SSOasInstructor" time="49.51" classname="com.mcgraw.test.automation.tests.canvas.configurations.CustomCanvasConfiguration37"/>
  <testcase name="SSOasStudent" time="48.957" classname="com.mcgraw.test.automation.tests.canvas.configurations.CustomCanvasConfiguration37"/>
  <testcase name="checkSubmittingTestScorableItemFormIsSuccessfull" time="7.662" classname="com.mcgraw.test.automation.tests.canvas.configurations.CustomCanvasConfiguration37"/>
  <testcase name="checkSubmittingTestScoreFormIsSuccessfullForStudent" time="5.888" classname="com.mcgraw.test.automation.tests.canvas.configurations.CustomCanvasConfiguration37"/>
  <testcase name="checkExistSubmittingTestScorableItemFormIsSuccessfull" time="6.157" classname="com.mcgraw.test.automation.tests.canvas.configurations.CustomCanvasConfiguration37"/>
  <testcase name="checkExistSubmittingTestScoreFormIsSuccessfullForStudent" time="5.622" classname="com.mcgraw.test.automation.tests.canvas.configurations.CustomCanvasConfiguration37"/>
  <testcase name="DeepSSOasInstructor" time="58.704" classname="com.mcgraw.test.automation.tests.canvas.configurations.CustomCanvasConfiguration37"/>
  <testcase name="DeepSSOasStudent" time="67.992" classname="com.mcgraw.test.automation.tests.canvas.configurations.CustomCanvasConfiguration37"/>
  <testcase name="checkDeepSubmittingTestScorableItemFormIsSuccessfull" time="7.94" classname="com.mcgraw.test.automation.tests.canvas.configurations.CustomCanvasConfiguration37"/>
  <testcase name="checkDeppSubmittingTestScoreFormIsSuccessfullForStudent" time="6.337" classname="com.mcgraw.test.automation.tests.canvas.configurations.CustomCanvasConfiguration37"/>
</testsuite> <!-- Canvas Configurtaion Number 37 -->
