<?xml version="1.0" encoding="UTF-8"?>
<!-- Generated by org.testng.reporters.JUnitXMLReporter -->
<testsuite hostname="QA-W7E64-W-21" name="Canvas Configurtaion Number 3" tests="4" failures="0" timestamp="3 Jan 2018 15:42:31 GMT" time="235.581" errors="0">
  <testcase name="DeepSSOasInstructor" time="60.691" classname="com.mcgraw.test.automation.tests.canvas.configurations.CustomCanvasConfiguration3"/>
  <testcase name="DeepSSOasStudent" time="69.187" classname="com.mcgraw.test.automation.tests.canvas.configurations.CustomCanvasConfiguration3"/>
  <testcase name="checkDeepSubmittingTestScorableItemFormIsSuccessfull" time="8.399" classname="com.mcgraw.test.automation.tests.canvas.configurations.CustomCanvasConfiguration3"/>
  <testcase name="checkDeppSubmittingTestScoreFormIsSuccessfullForStudent" time="6.566" classname="com.mcgraw.test.automation.tests.canvas.configurations.CustomCanvasConfiguration3"/>
</testsuite> <!-- Canvas Configurtaion Number 3 -->
