<?xml version="1.0" encoding="UTF-8"?>
<!-- Generated by org.testng.reporters.JUnitXMLReporter -->
<testsuite hostname="QA-W7E64-W-21" name="Canvas Configurtaion Number 175" tests="4" failures="0" timestamp="2 Jan 2018 01:17:31 GMT" time="258.416" errors="0">
  <testcase name="ssoAsInstructorCanvas" time="60.97" classname="com.mcgraw.test.automation.tests.canvas.configurations.CustomCanvasConfiguration175"/>
  <testcase name="ssoAsStudentCanvas" time="68.982" classname="com.mcgraw.test.automation.tests.canvas.configurations.CustomCanvasConfiguration175"/>
  <testcase name="checkSubmittingTestScorableItemFormIsSuccessfullCanvas" time="18.654" classname="com.mcgraw.test.automation.tests.canvas.configurations.CustomCanvasConfiguration175"/>
  <testcase name="checkSubmittingTestScoreFormIsSuccessfullForStudentCanvas" time="6.174" classname="com.mcgraw.test.automation.tests.canvas.configurations.CustomCanvasConfiguration175"/>
</testsuite> <!-- Canvas Configurtaion Number 175 -->
