<?xml version="1.0" encoding="UTF-8"?>
<!-- Generated by org.testng.reporters.JUnitXMLReporter -->
<testsuite hostname="QA-W7E64-W-21" name="Canvas Configurtaion Number 173" tests="4" failures="0" timestamp="2 Jan 2018 01:08:33 GMT" time="217.336" errors="0">
  <testcase name="checkMhCampusLinkIsPresentInInstructorsCourseSakai" time="19.351" classname="com.mcgraw.test.automation.tests.canvas.configurations.CustomCanvasConfiguration173"/>
  <testcase name="checkMhCampusLinkIsPresentInStudentsCourseSakai" time="18.959" classname="com.mcgraw.test.automation.tests.canvas.configurations.CustomCanvasConfiguration173"/>
  <testcase name="checkSubmittingTestScorableItemFormIsSuccessfullSakai" time="7.383" classname="com.mcgraw.test.automation.tests.canvas.configurations.CustomCanvasConfiguration173"/>
  <testcase name="checkSubmittingTestScoreFormIsSuccessfullForStudentSakai" time="5.267" classname="com.mcgraw.test.automation.tests.canvas.configurations.CustomCanvasConfiguration173"/>
</testsuite> <!-- Canvas Configurtaion Number 173 -->
