<?xml version="1.0" encoding="UTF-8"?>
<!-- Generated by org.testng.reporters.JUnitXMLReporter -->
<testsuite hostname="QA-W7E64-W-21" name="Canvas Configurtaion Number 62" tests="8" failures="0" timestamp="1 Jan 2018 21:53:40 GMT" time="466.688" errors="0">
  <testcase name="ssoAsInstructor" time="51.354" classname="com.mcgraw.test.automation.tests.canvas.configurations.CustomCanvasConfiguration62"/>
  <testcase name="ssoAsStudent" time="41.995" classname="com.mcgraw.test.automation.tests.canvas.configurations.CustomCanvasConfiguration62"/>
  <testcase name="checkSubmittingTestScorableItemFormIsSuccessfull" time="7.717" classname="com.mcgraw.test.automation.tests.canvas.configurations.CustomCanvasConfiguration62"/>
  <testcase name="checkSubmittingTestScoreFormIsSuccessfullForStudent" time="5.584" classname="com.mcgraw.test.automation.tests.canvas.configurations.CustomCanvasConfiguration62"/>
  <testcase name="ssoAsInstructorDI" time="58.692" classname="com.mcgraw.test.automation.tests.canvas.configurations.CustomCanvasConfiguration62"/>
  <testcase name="ssoAsStudentDI" time="66.824" classname="com.mcgraw.test.automation.tests.canvas.configurations.CustomCanvasConfiguration62"/>
  <testcase name="checkSubmittingTestScorableItemForDI" time="7.935" classname="com.mcgraw.test.automation.tests.canvas.configurations.CustomCanvasConfiguration62"/>
  <testcase name="checkSubmittingTestScoreForStudentDI" time="6.487" classname="com.mcgraw.test.automation.tests.canvas.configurations.CustomCanvasConfiguration62"/>
</testsuite> <!-- Canvas Configurtaion Number 62 -->
