<?xml version="1.0" encoding="UTF-8"?>
<!-- Generated by org.testng.reporters.JUnitXMLReporter -->
<testsuite hostname="QA-W7E64-W-21" name="Canvas Configurtaion Number 51" tests="4" failures="0" timestamp="1 Jan 2018 20:51:18 GMT" time="276.853" errors="0">
  <testcase name="checkSsoAsInstructorClassic" time="50.394" classname="com.mcgraw.test.automation.tests.canvas.configurations.CustomCanvasConfiguration51"/>
  <testcase name="checkSsoAsStudentClassic" time="50.394" classname="com.mcgraw.test.automation.tests.canvas.configurations.CustomCanvasConfiguration51"/>
  <testcase name="checkSubmittingTestScorableItemFormIsSuccessfullClassic" time="9.876" classname="com.mcgraw.test.automation.tests.canvas.configurations.CustomCanvasConfiguration51"/>
  <testcase name="checkSubmittingTestScoreFormIsSuccessfullForStudentClassic" time="8.445" classname="com.mcgraw.test.automation.tests.canvas.configurations.CustomCanvasConfiguration51"/>
</testsuite> <!-- Canvas Configurtaion Number 51 -->
