<?xml version="1.0" encoding="UTF-8"?>
<!-- Generated by org.testng.reporters.JUnitXMLReporter -->
<testsuite hostname="QA-W7E64-W-21" name="Canvas Configurtaion Number 64" tests="4" failures="0" timestamp="1 Jan 2018 22:05:46 GMT" time="227.839" errors="0">
  <testcase name="DeepSSOasInstructor" time="57.901" classname="com.mcgraw.test.automation.tests.canvas.configurations.CustomCanvasConfiguration64"/>
  <testcase name="DeepSSOasStudent" time="68.818" classname="com.mcgraw.test.automation.tests.canvas.configurations.CustomCanvasConfiguration64"/>
  <testcase name="checkDeepSubmittingTestScorableItemFormIsSuccessfull" time="7.755" classname="com.mcgraw.test.automation.tests.canvas.configurations.CustomCanvasConfiguration64"/>
  <testcase name="checkDeppSubmittingTestScoreFormIsSuccessfullForStudent" time="5.974" classname="com.mcgraw.test.automation.tests.canvas.configurations.CustomCanvasConfiguration64"/>
</testsuite> <!-- Canvas Configurtaion Number 64 -->
