<?xml version="1.0" encoding="UTF-8"?>
<!-- Generated by org.testng.reporters.JUnitXMLReporter -->
<testsuite hostname="QA-W7E64-W-21" name="Canvas Configurtaion Number 80" tests="8" failures="0" timestamp="1 Jan 2018 23:59:17 GMT" time="488.725" errors="0">
  <testcase name="SSOasInstructor" time="52.335" classname="com.mcgraw.test.automation.tests.canvas.configurations.CustomCanvasConfiguration80"/>
  <testcase name="SSOasStudent" time="48.524" classname="com.mcgraw.test.automation.tests.canvas.configurations.CustomCanvasConfiguration80"/>
  <testcase name="testScorableItemSuccessSubmit" time="7.741" classname="com.mcgraw.test.automation.tests.canvas.configurations.CustomCanvasConfiguration80"/>
  <testcase name="testScoreSuccessSubmit" time="5.884" classname="com.mcgraw.test.automation.tests.canvas.configurations.CustomCanvasConfiguration80"/>
  <testcase name="testSSOasInstructorDI" time="58.619" classname="com.mcgraw.test.automation.tests.canvas.configurations.CustomCanvasConfiguration80"/>
  <testcase name="testSSOasStudentDI" time="68.499" classname="com.mcgraw.test.automation.tests.canvas.configurations.CustomCanvasConfiguration80"/>
  <testcase name="testScorableItemSuccessSubmitDI" time="7.762" classname="com.mcgraw.test.automation.tests.canvas.configurations.CustomCanvasConfiguration80"/>
  <testcase name="testScoreSuccessSubmitDI" time="6.311" classname="com.mcgraw.test.automation.tests.canvas.configurations.CustomCanvasConfiguration80"/>
</testsuite> <!-- Canvas Configurtaion Number 80 -->
