<?xml version="1.0" encoding="UTF-8"?>
<!-- Generated by org.testng.reporters.JUnitXMLReporter -->
<testsuite hostname="QA-W7E64-W-21" name="Canvas Configurtaion Number 54" tests="4" failures="0" timestamp="1 Jan 2018 21:08:06 GMT" time="264.294" errors="0">
  <testcase name="SSOasInstructorWithLti" time="46.445" classname="com.mcgraw.test.automation.tests.canvas.configurations.CustomCanvasConfiguration54"/>
  <testcase name="SSOasStudent" time="41.736" classname="com.mcgraw.test.automation.tests.canvas.configurations.CustomCanvasConfiguration54"/>
  <testcase name="checkSubmittingTestScorableItemFormIsSuccessfull" time="9.702" classname="com.mcgraw.test.automation.tests.canvas.configurations.CustomCanvasConfiguration54"/>
  <testcase name="checkSubmittingTestScoreFormIsSuccessfullForStudent" time="5.813" classname="com.mcgraw.test.automation.tests.canvas.configurations.CustomCanvasConfiguration54"/>
</testsuite> <!-- Canvas Configurtaion Number 54 -->
