<?xml version="1.0" encoding="UTF-8"?>
<!-- Generated by org.testng.reporters.JUnitXMLReporter -->
<testsuite hostname="QA-W7E64-W-21" name="Canvas Configurtaion Number 27" tests="9" failures="0" timestamp="1 Jan 2018 18:14:08 GMT" time="495.828" errors="0">
  <testcase name="SSOasInstructor" time="53.384" classname="com.mcgraw.test.automation.tests.canvas.configurations.CustomCanvasConfiguration27"/>
  <testcase name="SSOasStudent" time="48.417" classname="com.mcgraw.test.automation.tests.canvas.configurations.CustomCanvasConfiguration27"/>
  <testcase name="checkSubmittingTestScorableItemFormIsSuccessfull" time="7.375" classname="com.mcgraw.test.automation.tests.canvas.configurations.CustomCanvasConfiguration27"/>
  <testcase name="checkSubmittingTestScorableItemFormIsSuccessfullExist" time="6.166" classname="com.mcgraw.test.automation.tests.canvas.configurations.CustomCanvasConfiguration27"/>
  <testcase name="checkSubmittingTestScoreFormIsSuccessfullForStudentExist" time="5.854" classname="com.mcgraw.test.automation.tests.canvas.configurations.CustomCanvasConfiguration27"/>
  <testcase name="DeepSSOasInstructor" time="58.301" classname="com.mcgraw.test.automation.tests.canvas.configurations.CustomCanvasConfiguration27"/>
  <testcase name="DeepSSOasStudent" time="66.971" classname="com.mcgraw.test.automation.tests.canvas.configurations.CustomCanvasConfiguration27"/>
  <testcase name="checkSubmittingTestScorableItemFormIsSuccessfullDeep" time="7.474" classname="com.mcgraw.test.automation.tests.canvas.configurations.CustomCanvasConfiguration27"/>
  <testcase name="checkSubmittingTestScoreFormIsSuccessfullForStudentDeep" time="6.214" classname="com.mcgraw.test.automation.tests.canvas.configurations.CustomCanvasConfiguration27"/>
</testsuite> <!-- Canvas Configurtaion Number 27 -->
