<?xml version="1.0" encoding="UTF-8"?>
<!-- Generated by org.testng.reporters.JUnitXMLReporter -->
<testsuite hostname="QA-W7E64-W-21" name="Canvas Configurtaion Number 66" tests="8" failures="0" timestamp="1 Jan 2018 22:21:56 GMT" time="508.637" errors="0">
  <testcase name="SSOasInstructor" time="53.323" classname="com.mcgraw.test.automation.tests.canvas.configurations.CustomCanvasConfiguration66"/>
  <testcase name="SSOasStudent" time="52.221" classname="com.mcgraw.test.automation.tests.canvas.configurations.CustomCanvasConfiguration66"/>
  <testcase name="checkSubmittingTestScorableItemFormIsSuccessfull" time="8.02" classname="com.mcgraw.test.automation.tests.canvas.configurations.CustomCanvasConfiguration66"/>
  <testcase name="checkSubmittingTestScoreFormIsSuccessfullForStudent" time="6.121" classname="com.mcgraw.test.automation.tests.canvas.configurations.CustomCanvasConfiguration66"/>
  <testcase name="DeepSSOasInstructor" time="63.486" classname="com.mcgraw.test.automation.tests.canvas.configurations.CustomCanvasConfiguration66"/>
  <testcase name="DeepSSOasStudent" time="69.708" classname="com.mcgraw.test.automation.tests.canvas.configurations.CustomCanvasConfiguration66"/>
  <testcase name="checkSubmittingTestScorableItemFormIsSuccessfullDeep" time="8.434" classname="com.mcgraw.test.automation.tests.canvas.configurations.CustomCanvasConfiguration66"/>
  <testcase name="checkSubmittingTestScoreFormIsSuccessfullForStudentDeep" time="6.516" classname="com.mcgraw.test.automation.tests.canvas.configurations.CustomCanvasConfiguration66"/>
</testsuite> <!-- Canvas Configurtaion Number 66 -->
