<?xml version="1.0" encoding="UTF-8"?>
<!-- Generated by org.testng.reporters.JUnitXMLReporter -->
<testsuite hostname="QA-W7E64-W-21" name="Canvas Configurtaion Number 89" tests="4" failures="0" timestamp="2 Jan 2018 00:50:23 GMT" time="238.594" errors="0">
  <testcase name="DeepSSOasInstructor" time="60.682" classname="com.mcgraw.test.automation.tests.canvas.configurations.CustomCanvasConfiguration89"/>
  <testcase name="DeepSSOasStudent" time="68.657" classname="com.mcgraw.test.automation.tests.canvas.configurations.CustomCanvasConfiguration89"/>
  <testcase name="checkDeepSubmittingTestScorableItemFormIsSuccessfull" time="7.782" classname="com.mcgraw.test.automation.tests.canvas.configurations.CustomCanvasConfiguration89"/>
  <testcase name="checkDeppSubmittingTestScoreFormIsSuccessfullForStudent" time="6.919" classname="com.mcgraw.test.automation.tests.canvas.configurations.CustomCanvasConfiguration89"/>
</testsuite> <!-- Canvas Configurtaion Number 89 -->
