<?xml version="1.0" encoding="UTF-8"?>
<!-- Generated by org.testng.reporters.JUnitXMLReporter -->
<testsuite hostname="QA-W7E64-W-21" name="Canvas Configurtaion Number 13" tests="9" failures="0" timestamp="1 Jan 2018 16:53:02 GMT" time="504.883" errors="0">
  <testcase name="SSOasInstructor" time="54.143" classname="com.mcgraw.test.automation.tests.canvas.configurations.CustomCanvasConfiguration13"/>
  <testcase name="SSOasStudent" time="47.449" classname="com.mcgraw.test.automation.tests.canvas.configurations.CustomCanvasConfiguration13"/>
  <testcase name="checkSubmittingTestScorableItemFormIsSuccessfull" time="8.377" classname="com.mcgraw.test.automation.tests.canvas.configurations.CustomCanvasConfiguration13"/>
  <testcase name="checkSubmittingTestScorableItemFormIsSuccessfullExist" time="5.871" classname="com.mcgraw.test.automation.tests.canvas.configurations.CustomCanvasConfiguration13"/>
  <testcase name="checkSubmittingTestScoreFormIsSuccessfullForStudentExist" time="5.533" classname="com.mcgraw.test.automation.tests.canvas.configurations.CustomCanvasConfiguration13"/>
  <testcase name="DeepSSOasInstructor" time="58.86" classname="com.mcgraw.test.automation.tests.canvas.configurations.CustomCanvasConfiguration13"/>
  <testcase name="DeepSSOasStudent" time="67.647" classname="com.mcgraw.test.automation.tests.canvas.configurations.CustomCanvasConfiguration13"/>
  <testcase name="checkSubmittingTestScorableItemFormIsSuccessfullDeep" time="7.651" classname="com.mcgraw.test.automation.tests.canvas.configurations.CustomCanvasConfiguration13"/>
  <testcase name="checkSubmittingTestScoreFormIsSuccessfullForStudentDeep" time="6.468" classname="com.mcgraw.test.automation.tests.canvas.configurations.CustomCanvasConfiguration13"/>
</testsuite> <!-- Canvas Configurtaion Number 13 -->
