<?xml version="1.0" encoding="UTF-8"?>
<!-- Generated by org.testng.reporters.JUnitXMLReporter -->
<testsuite hostname="QA-W7E64-W-21" name="Canvas Configurtaion Number 71" tests="8" failures="0" timestamp="1 Jan 2018 23:03:01 GMT" time="488.557" errors="0">
  <testcase name="SSOasInstructor" time="53.986" classname="com.mcgraw.test.automation.tests.canvas.configurations.CustomCanvasConfiguration71"/>
  <testcase name="SSOasStudent" time="48.61" classname="com.mcgraw.test.automation.tests.canvas.configurations.CustomCanvasConfiguration71"/>
  <testcase name="checkSubmittingTestScorableItemFormIsSuccessfull" time="8.335" classname="com.mcgraw.test.automation.tests.canvas.configurations.CustomCanvasConfiguration71"/>
  <testcase name="checkSubmittingTestScoreFormIsSuccessfullForStudent" time="5.677" classname="com.mcgraw.test.automation.tests.canvas.configurations.CustomCanvasConfiguration71"/>
  <testcase name="DeepSSOasInstructor" time="58.325" classname="com.mcgraw.test.automation.tests.canvas.configurations.CustomCanvasConfiguration71"/>
  <testcase name="DeepSSOasStudent" time="67.707" classname="com.mcgraw.test.automation.tests.canvas.configurations.CustomCanvasConfiguration71"/>
  <testcase name="checkDeepSubmittingTestScorableItemFormIsSuccessfull" time="7.646" classname="com.mcgraw.test.automation.tests.canvas.configurations.CustomCanvasConfiguration71"/>
  <testcase name="checkDeppSubmittingTestScoreFormIsSuccessfullForStudent" time="6.763" classname="com.mcgraw.test.automation.tests.canvas.configurations.CustomCanvasConfiguration71"/>
</testsuite> <!-- Canvas Configurtaion Number 71 -->
