<?xml version="1.0" encoding="UTF-8"?>
<!-- Generated by org.testng.reporters.JUnitXMLReporter -->
<testsuite hostname="QA-W7E64-W-21" name="Canvas Configurtaion Number 90" tests="4" failures="0" timestamp="2 Jan 2018 00:55:17 GMT" time="293.46" errors="0">
  <testcase name="SSOasInstructor" time="54.483" classname="com.mcgraw.test.automation.tests.canvas.configurations.CustomCanvasConfiguration90"/>
  <testcase name="SSOasStudent" time="50.083" classname="com.mcgraw.test.automation.tests.canvas.configurations.CustomCanvasConfiguration90"/>
  <testcase name="checkSubmittingTestScorableItemFormIsSuccessfull" time="8.271" classname="com.mcgraw.test.automation.tests.canvas.configurations.CustomCanvasConfiguration90"/>
  <testcase name="checkSubmittingTestScoreFormIsSuccessfullForStudent" time="7.245" classname="com.mcgraw.test.automation.tests.canvas.configurations.CustomCanvasConfiguration90"/>
</testsuite> <!-- Canvas Configurtaion Number 90 -->
