<?xml version="1.0" encoding="UTF-8"?>
<!-- Generated by org.testng.reporters.JUnitXMLReporter -->
<testsuite hostname="QA-W7E64-W-21" name="Canvas Configurtaion Number 50" tests="4" failures="0" timestamp="1 Jan 2018 20:46:41 GMT" time="276.328" errors="0">
  <testcase name="SSOasInstructor" time="50.274" classname="com.mcgraw.test.automation.tests.canvas.configurations.CustomCanvasConfiguration50"/>
  <testcase name="SSOasStudent" time="48.528" classname="com.mcgraw.test.automation.tests.canvas.configurations.CustomCanvasConfiguration50"/>
  <testcase name="checkSubmittingTestScorableItemFormIsSuccessfullAsync" time="9.469" classname="com.mcgraw.test.automation.tests.canvas.configurations.CustomCanvasConfiguration50"/>
  <testcase name="checkSubmittingTestScoreFormIsSuccessfullForStudentAsync" time="8.838" classname="com.mcgraw.test.automation.tests.canvas.configurations.CustomCanvasConfiguration50"/>
</testsuite> <!-- Canvas Configurtaion Number 50 -->
