<?xml version="1.0" encoding="UTF-8"?>
<!-- Generated by org.testng.reporters.JUnitXMLReporter -->
<testsuite hostname="QA-W7E64-W-21" name="Canvas Configurtaion Number 10" tests="10" failures="0" timestamp="1 Jan 2018 16:36:45 GMT" time="479.37" errors="0">
  <testcase name="ssoAsInstructor" time="45.962" classname="com.mcgraw.test.automation.tests.canvas.configurations.CustomCanvasConfiguration10"/>
  <testcase name="ssoAsStudent" time="46.422" classname="com.mcgraw.test.automation.tests.canvas.configurations.CustomCanvasConfiguration10"/>
  <testcase name="checkSubmittingTestScorableItemFormIsSuccessfull" time="8.023" classname="com.mcgraw.test.automation.tests.canvas.configurations.CustomCanvasConfiguration10"/>
  <testcase name="checkSubmittingTestScoreFormIsSuccessfullForStudent" time="6.003" classname="com.mcgraw.test.automation.tests.canvas.configurations.CustomCanvasConfiguration10"/>
  <testcase name="checkSubmittingTestScorableItemForExist" time="6.112" classname="com.mcgraw.test.automation.tests.canvas.configurations.CustomCanvasConfiguration10"/>
  <testcase name="checkSubmittingTestScoreForExist" time="5.452" classname="com.mcgraw.test.automation.tests.canvas.configurations.CustomCanvasConfiguration10"/>
  <testcase name="ssoAsInstructorDI" time="59.12" classname="com.mcgraw.test.automation.tests.canvas.configurations.CustomCanvasConfiguration10"/>
  <testcase name="ssoAsStudentDI" time="68.854" classname="com.mcgraw.test.automation.tests.canvas.configurations.CustomCanvasConfiguration10"/>
  <testcase name="checkSubmittingTestScorableItemForDI" time="7.555" classname="com.mcgraw.test.automation.tests.canvas.configurations.CustomCanvasConfiguration10"/>
  <testcase name="checkSubmittingTestScoreForStudentDI" time="7.835" classname="com.mcgraw.test.automation.tests.canvas.configurations.CustomCanvasConfiguration10"/>
</testsuite> <!-- Canvas Configurtaion Number 10 -->
