<?xml version="1.0" encoding="UTF-8"?>
<!-- Generated by org.testng.reporters.JUnitXMLReporter -->
<testsuite hostname="QA-W7E64-W-21" name="Canvas Configurtaion Number 9" tests="4" failures="0" timestamp="1 Jan 2018 16:28:46 GMT" time="281.219" errors="0">
  <testcase name="SSOasInstructor" time="56.429" classname="com.mcgraw.test.automation.tests.canvas.configurations.CustomCanvasConfiguration9"/>
  <testcase name="SSOasStudent" time="50.0" classname="com.mcgraw.test.automation.tests.canvas.configurations.CustomCanvasConfiguration9"/>
  <testcase name="checkSubmittingTestScorableItemFormIsSuccessfull" time="7.474" classname="com.mcgraw.test.automation.tests.canvas.configurations.CustomCanvasConfiguration9"/>
  <testcase name="checkSubmittingTestScoreFormIsSuccessfullForStudent" time="6.175" classname="com.mcgraw.test.automation.tests.canvas.configurations.CustomCanvasConfiguration9"/>
</testsuite> <!-- Canvas Configurtaion Number 9 -->
