<?xml version="1.0" encoding="UTF-8"?>
<!-- Generated by org.testng.reporters.JUnitXMLReporter -->
<testsuite hostname="QA-W7E64-W-21" name="Canvas Configurtaion Number 41" tests="8" failures="0" timestamp="1 Jan 2018 19:47:02 GMT" time="493.787" errors="0">
  <testcase name="SSOasInstructor" time="49.202" classname="com.mcgraw.test.automation.tests.canvas.configurations.CustomCanvasConfiguration41"/>
  <testcase name="SSOasStudent" time="46.91" classname="com.mcgraw.test.automation.tests.canvas.configurations.CustomCanvasConfiguration41"/>
  <testcase name="checkSubmittingTestScorableItemFormIsSuccessfull" time="12.872" classname="com.mcgraw.test.automation.tests.canvas.configurations.CustomCanvasConfiguration41"/>
  <testcase name="checkSubmittingTestScoreFormIsSuccessfullForStudent" time="10.551" classname="com.mcgraw.test.automation.tests.canvas.configurations.CustomCanvasConfiguration41"/>
  <testcase name="DeepSSOasInstructor" time="58.742" classname="com.mcgraw.test.automation.tests.canvas.configurations.CustomCanvasConfiguration41"/>
  <testcase name="DeepSSOasStudent" time="66.809" classname="com.mcgraw.test.automation.tests.canvas.configurations.CustomCanvasConfiguration41"/>
  <testcase name="checkDeepSubmittingTestScorableItemFormIsSuccessfull" time="12.113" classname="com.mcgraw.test.automation.tests.canvas.configurations.CustomCanvasConfiguration41"/>
  <testcase name="checkDeppSubmittingTestScoreFormIsSuccessfullForStudent" time="10.749" classname="com.mcgraw.test.automation.tests.canvas.configurations.CustomCanvasConfiguration41"/>
</testsuite> <!-- Canvas Configurtaion Number 41 -->
