<?xml version="1.0" encoding="UTF-8"?>
<!-- Generated by org.testng.reporters.JUnitXMLReporter -->
<testsuite hostname="QA-W7E64-W-21" name="Canvas Configurtaion Number 88" tests="4" failures="0" timestamp="2 Jan 2018 00:46:24 GMT" time="243.163" errors="0">
  <testcase name="DeepSSOasInstructor" time="61.134" classname="com.mcgraw.test.automation.tests.canvas.configurations.CustomCanvasConfiguration88"/>
  <testcase name="DeepSSOasStudent" time="69.048" classname="com.mcgraw.test.automation.tests.canvas.configurations.CustomCanvasConfiguration88"/>
  <testcase name="checkSubmittingTestScorableItemFormIsSuccessfullDeep" time="8.331" classname="com.mcgraw.test.automation.tests.canvas.configurations.CustomCanvasConfiguration88"/>
  <testcase name="checkSubmittingTestScoreFormIsSuccessfullForStudentDeep" time="6.956" classname="com.mcgraw.test.automation.tests.canvas.configurations.CustomCanvasConfiguration88"/>
</testsuite> <!-- Canvas Configurtaion Number 88 -->
