<?xml version="1.0" encoding="UTF-8"?>
<!-- Generated by org.testng.reporters.JUnitXMLReporter -->
<testsuite hostname="QA-W7E64-W-21" name="Canvas Configurtaion Number 21" tests="8" failures="0" timestamp="1 Jan 2018 17:25:59 GMT" time="481.055" errors="0">
  <testcase name="checkSsoAsInstructorIltClassic" time="53.256" classname="com.mcgraw.test.automation.tests.canvas.configurations.CustomCanvasConfiguration21"/>
  <testcase name="checkSsoAsStudentClassic" time="47.714" classname="com.mcgraw.test.automation.tests.canvas.configurations.CustomCanvasConfiguration21"/>
  <testcase name="checkSubmittingTestScorableItemFormIsSuccessfullClassic" time="7.7" classname="com.mcgraw.test.automation.tests.canvas.configurations.CustomCanvasConfiguration21"/>
  <testcase name="checkSubmittingTestScoreFormIsSuccessfullForStudentClassic" time="5.787" classname="com.mcgraw.test.automation.tests.canvas.configurations.CustomCanvasConfiguration21"/>
  <testcase name="checkSsoAsInstructorDeep" time="58.859" classname="com.mcgraw.test.automation.tests.canvas.configurations.CustomCanvasConfiguration21"/>
  <testcase name="checkSsoAsStudentDeep" time="68.594" classname="com.mcgraw.test.automation.tests.canvas.configurations.CustomCanvasConfiguration21"/>
  <testcase name="checkSubmittingTestScorableItemFormIsSuccessfullDeep" time="7.871" classname="com.mcgraw.test.automation.tests.canvas.configurations.CustomCanvasConfiguration21"/>
  <testcase name="checkSubmittingTestScoreFormIsSuccessfullForStudentDeep" time="6.496" classname="com.mcgraw.test.automation.tests.canvas.configurations.CustomCanvasConfiguration21"/>
</testsuite> <!-- Canvas Configurtaion Number 21 -->
