<?xml version="1.0" encoding="UTF-8"?>
<!-- Generated by org.testng.reporters.JUnitXMLReporter -->
<testsuite hostname="QA-W7E64-W-21" name="Canvas Configurtaion Number 36" tests="4" failures="0" timestamp="1 Jan 2018 19:04:53 GMT" time="229.904" errors="0">
  <testcase name="checkSsoAsInstructorDeep" time="58.521" classname="com.mcgraw.test.automation.tests.canvas.configurations.CustomCanvasConfiguration36"/>
  <testcase name="checkSsoAsStudentDeep" time="66.957" classname="com.mcgraw.test.automation.tests.canvas.configurations.CustomCanvasConfiguration36"/>
  <testcase name="checkSubmittingTestScorableItemFormIsSuccessfullDeep" time="7.436" classname="com.mcgraw.test.automation.tests.canvas.configurations.CustomCanvasConfiguration36"/>
  <testcase name="checkSubmittingTestScoreFormIsSuccessfullForStudentDeep" time="6.186" classname="com.mcgraw.test.automation.tests.canvas.configurations.CustomCanvasConfiguration36"/>
</testsuite> <!-- Canvas Configurtaion Number 36 -->
