<?xml version="1.0" encoding="UTF-8"?>
<!-- Generated by org.testng.reporters.JUnitXMLReporter -->
<testsuite hostname="DESKTOP-MBNRSLK" name="ActiveSim Tool Test" tests="3" failures="3" timestamp="27 Sep 2017 09:11:12 GMT" time="296.241" errors="0">
  <testcase name="checkActiveSimToolForInstructor" time="0.006" classname="com.mcgraw.test.automation.tests.externaltools.ActiveSimToolTest">
    <failure type="java.lang.AssertionError" message="expected [true] but found [false]">
      <![CDATA[java.lang.AssertionError: expected [true] but found [false]
	at com.mcgraw.test.automation.tests.externaltools.ActiveSimToolTest.checkActiveSimToolForInstructor(ActiveSimToolTest.java:121)
	at org.springframework.test.context.testng.AbstractTestNGSpringContextTests.run(AbstractTestNGSpringContextTests.java:155)
... Removed 34 stack frames]]>
    </failure>
  </testcase> <!-- checkActiveSimToolForInstructor -->
  <testcase name="checkActiveSimToolForInstructor" time="0.001" classname="com.mcgraw.test.automation.tests.externaltools.ActiveSimToolTest">
    <failure type="java.lang.AssertionError" message="expected [true] but found [false]">
      <![CDATA[java.lang.AssertionError: expected [true] but found [false]
	at com.mcgraw.test.automation.tests.externaltools.ActiveSimToolTest.checkActiveSimToolForInstructor(ActiveSimToolTest.java:121)
	at org.springframework.test.context.testng.AbstractTestNGSpringContextTests.run(AbstractTestNGSpringContextTests.java:155)
... Removed 34 stack frames]]>
    </failure>
  </testcase> <!-- checkActiveSimToolForInstructor -->
  <testcase name="checkActiveSimToolForInstructor" time="0.001" classname="com.mcgraw.test.automation.tests.externaltools.ActiveSimToolTest">
    <failure type="java.lang.AssertionError" message="expected [true] but found [false]">
      <![CDATA[java.lang.AssertionError: expected [true] but found [false]
	at com.mcgraw.test.automation.tests.externaltools.ActiveSimToolTest.checkActiveSimToolForInstructor(ActiveSimToolTest.java:121)
	at org.springframework.test.context.testng.AbstractTestNGSpringContextTests.run(AbstractTestNGSpringContextTests.java:155)
... Removed 34 stack frames]]>
    </failure>
  </testcase> <!-- checkActiveSimToolForInstructor -->
</testsuite> <!-- ActiveSim Tool Test -->
