<?xml version="1.0" encoding="UTF-8"?>
<!-- Generated by org.testng.reporters.JUnitXMLReporter -->
<testsuite hostname="Elvira-Lap" name="ALEKS Tool Test" tests="3" failures="0" timestamp="10 Apr 2016 10:59:54 GMT" time="93.733" errors="0">
  <testcase name="testAddALEKSForStudent" time="16.681" classname="com.mcgraw.test.automation.tests.externaltools.ALEKSToolTest"/>
  <testcase name="testALEKSAvailableUnderStudent" time="18.625" classname="com.mcgraw.test.automation.tests.externaltools.ALEKSToolTest"/>
  <testcase name="testALEKSSchoolConfigurationOpenedUnderStudent" time="7.201" classname="com.mcgraw.test.automation.tests.externaltools.ALEKSToolTest"/>
</testsuite> <!-- ALEKS Tool Test -->
