<?xml version="1.0" encoding="UTF-8"?>
<!-- Generated by org.testng.reporters.JUnitXMLReporter -->
<testsuite hostname="Elvira-Lap" name="Create Provider Test" tests="2" failures="1" timestamp="10 Apr 2016 11:42:22 GMT" time="704.267" errors="0">
  <testcase name="checkCreateProviderForInstructor" time="141.586" classname="com.mcgraw.test.automation.tests.externaltools.CreateLaunchEbook">
    <failure type="com.mcgraw.test.automation.framework.selenium2.ui.exception.ScreenIsNotOpenedException" message="CreateProviderScreen was not opened!">
      <![CDATA[com.mcgraw.test.automation.framework.selenium2.ui.exception.ScreenIsNotOpenedException: CreateProviderScreen was not opened!
	at com.mcgraw.test.automation.framework.selenium2.ui.Browser$2.timeoutException(Browser.java:398)
	at com.mcgraw.test.automation.framework.core.timing.SmartWait.until(SmartWait.java:231)
	at com.mcgraw.test.automation.framework.selenium2.ui.Browser.waitForPage(Browser.java:402)
	at com.mcgraw.test.automation.framework.selenium2.ui.Browser.waitForPage(Browser.java:387)
	at com.mcgraw.test.automation.ui.mhcampus.course.MhCampusCourseBlock.clickLaunchEbookAsInstructor(MhCampusCourseBlock.java:583)
	at com.mcgraw.test.automation.tests.externaltools.CreateLaunchEbook.checkCreateProviderForInstructor(CreateLaunchEbook.java:119)
	at org.springframework.test.context.testng.AbstractTestNGSpringContextTests.run(AbstractTestNGSpringContextTests.java:155)
... Removed 30 stack frames]]>
    </failure>
  </testcase> <!-- checkCreateProviderForInstructor -->
  <testcase name="checkCreateProviderForStudent" time="0.0" classname="com.mcgraw.test.automation.tests.externaltools.CreateLaunchEbook">
    <skipped/>
  </testcase> <!-- checkCreateProviderForStudent -->
</testsuite> <!-- Create Provider Test -->
