<?xml version="1.0" encoding="UTF-8"?>
<!-- Generated by org.testng.reporters.JUnitXMLReporter -->
<testsuite hostname="Elvira-Lap" name="LearnSmart Tool Test" tests="3" failures="0" timestamp="10 Apr 2016 11:45:37 GMT" time="195.292" errors="0">
  <testcase name="testAddLearnSmartForStudent" time="76.29" classname="com.mcgraw.test.automation.tests.externaltools.LearnSmartToolTest"/>
  <testcase name="testLearnSmartAvailableUnderStudent" time="18.701" classname="com.mcgraw.test.automation.tests.externaltools.LearnSmartToolTest"/>
  <testcase name="testLearnSmartStudentRegistrationOpenedUnderStudent" time="50.311" classname="com.mcgraw.test.automation.tests.externaltools.LearnSmartToolTest"/>
</testsuite> <!-- LearnSmart Tool Test -->
