<?xml version="1.0" encoding="UTF-8"?>
<!-- Generated by org.testng.reporters.JUnitXMLReporter -->
<testsuite hostname="Elvira-Lap" name="SimNet Tool Test" tests="3" failures="0" timestamp="7 Apr 2016 09:50:44 GMT" time="48.526" errors="0">
  <testcase name="@BeforeClass testSuiteSetup" time="0.0" classname="com.mcgraw.test.automation.tests.externaltools.SimNetToolTest">
    <failure type="org.openqa.selenium.remote.UnreachableBrowserException" message="Error communicating with the remote browser. It may have died.
Build info: version: &amp;apos;2.53.0&amp;apos;, revision: &amp;apos;35ae25b1534ae328c771e0856c93e187490ca824&amp;apos;, time: &amp;apos;2016-03-15 10:43:46&amp;apos;
System info: host: &amp;apos;Elvira-Lap&amp;apos;, ip: &amp;apos;192.168.2.24&amp;apos;, os.name: &amp;apos;Windows 8.1&amp;apos;, os.arch: &amp;apos;amd64&amp;apos;, os.version: &amp;apos;6.3&amp;apos;, java.version: &amp;apos;1.7.0_79&amp;apos;
Driver info: driver.version: RemoteWebDriver
Session ID: 81cc4622-9a9e-4df8-8cd7-f37075c31b47
Capabilities [{platform=WINDOWS, acceptSslCerts=true, javascriptEnabled=true, cssSelectorsEnabled=true, databaseEnabled=true, browserName=firefox, handlesAlerts=true, nativeEvents=false, webStorageEnabled=true, rotatable=false, locationContextEnabled=true, applicationCacheEnabled=true, takesScreenshot=true, version=45.0.1}]">
      <![CDATA[org.openqa.selenium.remote.UnreachableBrowserException: Error communicating with the remote browser. It may have died.
Build info: version: '2.53.0', revision: '35ae25b1534ae328c771e0856c93e187490ca824', time: '2016-03-15 10:43:46'
System info: host: 'Elvira-Lap', ip: '192.168.2.24', os.name: 'Windows 8.1', os.arch: 'amd64', os.version: '6.3', java.version: '1.7.0_79'
Driver info: driver.version: RemoteWebDriver
Session ID: 81cc4622-9a9e-4df8-8cd7-f37075c31b47
Capabilities [{platform=WINDOWS, acceptSslCerts=true, javascriptEnabled=true, cssSelectorsEnabled=true, databaseEnabled=true, browserName=firefox, handlesAlerts=true, nativeEvents=false, webStorageEnabled=true, rotatable=false, locationContextEnabled=true, applicationCacheEnabled=true, takesScreenshot=true, version=45.0.1}]
	at org.openqa.selenium.remote.RemoteWebDriver.execute(RemoteWebDriver.java:665)
	at org.openqa.selenium.remote.RemoteWebDriver$RemoteTargetLocator.defaultContent(RemoteWebDriver.java:1039)
	at com.mcgraw.test.automation.ui.mhcampus.course.MhCampusCourseBlock.selectBookForcourse(MhCampusCourseBlock.java:147)
	at com.mcgraw.test.automation.ui.applications.MhCampusInstanceApplication.findAndSelectBookForCourse(MhCampusInstanceApplication.java:105)
	at com.mcgraw.test.automation.tests.externaltools.BaseToolTest.testSuiteSetup(BaseToolTest.java:95)
Caused by: org.apache.http.ConnectionClosedException: Premature end of Content-Length delimited message body (expected: 3398; received: 0
	at org.apache.http.impl.io.ContentLengthInputStream.read(ContentLengthInputStream.java:180)
	at org.apache.http.impl.io.ContentLengthInputStream.read(ContentLengthInputStream.java:200)
	at org.apache.http.impl.io.ContentLengthInputStream.close(ContentLengthInputStream.java:103)
	at org.apache.http.impl.execchain.ResponseEntityProxy.streamClosed(ResponseEntityProxy.java:128)
	at org.apache.http.conn.EofSensorInputStream.checkClose(EofSensorInputStream.java:228)
	at org.apache.http.conn.EofSensorInputStream.close(EofSensorInputStream.java:174)
	at org.apache.http.util.EntityUtils.consume(EntityUtils.java:88)
	at org.openqa.selenium.remote.internal.ApacheHttpClient.createResponse(ApacheHttpClient.java:113)
	at org.openqa.selenium.remote.internal.ApacheHttpClient.execute(ApacheHttpClient.java:94)
	at org.openqa.selenium.remote.HttpCommandExecutor.execute(HttpCommandExecutor.java:142)
	at org.openqa.selenium.firefox.internal.NewProfileExtensionConnection.execute(NewProfileExtensionConnection.java:160)
	at org.openqa.selenium.firefox.FirefoxDriver$LazyCommandExecutor.execute(FirefoxDriver.java:380)
	at org.openqa.selenium.remote.RemoteWebDriver.execute(RemoteWebDriver.java:644)
	... 28 more
... Removed 24 stack frames]]>
    </failure>
  </testcase> <!-- @BeforeClass testSuiteSetup -->
  <testcase name="@BeforeMethod springTestContextBeforeTestMethod" time="0.0" classname="com.mcgraw.test.automation.tests.externaltools.SimNetToolTest">
    <skipped/>
  </testcase> <!-- @BeforeMethod springTestContextBeforeTestMethod -->
  <testcase name="@AfterMethod closeExtraBrowserWindows" time="0.0" classname="com.mcgraw.test.automation.tests.externaltools.SimNetToolTest">
    <skipped/>
  </testcase> <!-- @AfterMethod closeExtraBrowserWindows -->
  <testcase name="@AfterMethod makeScreenshot" time="0.0" classname="com.mcgraw.test.automation.tests.externaltools.SimNetToolTest">
    <skipped/>
  </testcase> <!-- @AfterMethod makeScreenshot -->
  <testcase name="@AfterClass testSuiteTearDown" time="0.0" classname="com.mcgraw.test.automation.tests.externaltools.SimNetToolTest">
    <skipped/>
  </testcase> <!-- @AfterClass testSuiteTearDown -->
  <testcase name="@AfterClass closeAllThreads" time="0.0" classname="com.mcgraw.test.automation.tests.externaltools.SimNetToolTest">
    <failure type="org.openqa.selenium.remote.UnreachableBrowserException" message="Error communicating with the remote browser. It may have died.
Build info: version: &amp;apos;2.53.0&amp;apos;, revision: &amp;apos;35ae25b1534ae328c771e0856c93e187490ca824&amp;apos;, time: &amp;apos;2016-03-15 10:43:46&amp;apos;
System info: host: &amp;apos;Elvira-Lap&amp;apos;, ip: &amp;apos;192.168.2.24&amp;apos;, os.name: &amp;apos;Windows 8.1&amp;apos;, os.arch: &amp;apos;amd64&amp;apos;, os.version: &amp;apos;6.3&amp;apos;, java.version: &amp;apos;1.7.0_79&amp;apos;
Driver info: driver.version: RemoteWebDriver
Session ID: 81cc4622-9a9e-4df8-8cd7-f37075c31b47
Capabilities [{platform=WINDOWS, acceptSslCerts=true, javascriptEnabled=true, cssSelectorsEnabled=true, databaseEnabled=true, browserName=firefox, handlesAlerts=true, nativeEvents=false, webStorageEnabled=true, rotatable=false, locationContextEnabled=true, applicationCacheEnabled=true, takesScreenshot=true, version=45.0.1}]">
      <![CDATA[org.openqa.selenium.remote.UnreachableBrowserException: Error communicating with the remote browser. It may have died.
Build info: version: '2.53.0', revision: '35ae25b1534ae328c771e0856c93e187490ca824', time: '2016-03-15 10:43:46'
System info: host: 'Elvira-Lap', ip: '192.168.2.24', os.name: 'Windows 8.1', os.arch: 'amd64', os.version: '6.3', java.version: '1.7.0_79'
Driver info: driver.version: RemoteWebDriver
Session ID: 81cc4622-9a9e-4df8-8cd7-f37075c31b47
Capabilities [{platform=WINDOWS, acceptSslCerts=true, javascriptEnabled=true, cssSelectorsEnabled=true, databaseEnabled=true, browserName=firefox, handlesAlerts=true, nativeEvents=false, webStorageEnabled=true, rotatable=false, locationContextEnabled=true, applicationCacheEnabled=true, takesScreenshot=true, version=45.0.1}]
	at org.openqa.selenium.remote.RemoteWebDriver.execute(RemoteWebDriver.java:665)
	at org.openqa.selenium.remote.RemoteWebDriver.execute(RemoteWebDriver.java:701)
	at org.openqa.selenium.remote.RemoteWebDriver.close(RemoteWebDriver.java:521)
	at com.mcgraw.test.automation.framework.selenium2.ui.Browser.close(Browser.java:897)
	at com.mcgraw.test.automation.tests.base.BaseTest.closeAllThreads(BaseTest.java:57)
Caused by: org.apache.http.ConnectionClosedException: Premature end of Content-Length delimited message body (expected: 3390; received: 0
	at org.apache.http.impl.io.ContentLengthInputStream.read(ContentLengthInputStream.java:180)
	at org.apache.http.impl.io.ContentLengthInputStream.read(ContentLengthInputStream.java:200)
	at org.apache.http.impl.io.ContentLengthInputStream.close(ContentLengthInputStream.java:103)
	at org.apache.http.impl.execchain.ResponseEntityProxy.streamClosed(ResponseEntityProxy.java:128)
	at org.apache.http.conn.EofSensorInputStream.checkClose(EofSensorInputStream.java:228)
	at org.apache.http.conn.EofSensorInputStream.close(EofSensorInputStream.java:174)
	at org.apache.http.util.EntityUtils.consume(EntityUtils.java:88)
	at org.openqa.selenium.remote.internal.ApacheHttpClient.createResponse(ApacheHttpClient.java:113)
	at org.openqa.selenium.remote.internal.ApacheHttpClient.execute(ApacheHttpClient.java:94)
	at org.openqa.selenium.remote.HttpCommandExecutor.execute(HttpCommandExecutor.java:142)
	at org.openqa.selenium.firefox.internal.NewProfileExtensionConnection.execute(NewProfileExtensionConnection.java:160)
	at org.openqa.selenium.firefox.FirefoxDriver$LazyCommandExecutor.execute(FirefoxDriver.java:380)
	at org.openqa.selenium.remote.RemoteWebDriver.execute(RemoteWebDriver.java:644)
	... 28 more
... Removed 24 stack frames]]>
    </failure>
  </testcase> <!-- @AfterClass closeAllThreads -->
  <testcase name="testAddSimNetForStudent" time="0.002" classname="com.mcgraw.test.automation.tests.externaltools.SimNetToolTest">
    <skipped/>
  </testcase> <!-- testAddSimNetForStudent -->
  <testcase name="testSimNetAvailableUnderStudent" time="0.0" classname="com.mcgraw.test.automation.tests.externaltools.SimNetToolTest">
    <skipped/>
  </testcase> <!-- testSimNetAvailableUnderStudent -->
  <testcase name="testSimNetClassNotConfiguredPageOpened" time="0.0" classname="com.mcgraw.test.automation.tests.externaltools.SimNetToolTest">
    <skipped/>
  </testcase> <!-- testSimNetClassNotConfiguredPageOpened -->
</testsuite> <!-- SimNet Tool Test -->
