<?xml version="1.0" encoding="UTF-8"?>
<!-- Generated by org.testng.reporters.JUnitXMLReporter -->
<testsuite hostname="Elvira-Lap" name="SmartBook Tool Test" tests="2" failures="0" timestamp="10 Apr 2016 11:14:21 GMT" time="164.873" errors="0">
  <testcase name="checkSmartBookToolForInstructor" time="48.985" classname="com.mcgraw.test.automation.tests.externaltools.SmartBookTool"/>
  <testcase name="checkSmartBookToolForStudent" time="65.576" classname="com.mcgraw.test.automation.tests.externaltools.SmartBookTool"/>
</testsuite> <!-- SmartBook Tool Test -->
