<?xml version="1.0" encoding="UTF-8"?>
<testng-results skipped="3" failed="0" total="3" passed="0">
  <reporter-output>
    <line>
      <![CDATA[2018-01-23 11:45:44,336  INFO XmlBeanDefinitionReader - Loading XML bean definitions from class path resource [spring/general-context.xml]<br>
]]>
    </line>
    <line>
      <![CDATA[2018-01-23 11:45:44,828  INFO XmlBeanDefinitionReader - Loading XML bean definitions from class path resource [spring/properties-context.xml]<br>
]]>
    </line>
    <line>
      <![CDATA[2018-01-23 11:45:44,865  INFO XmlBeanDefinitionReader - Loading XML bean definitions from class path resource [spring/angel-rest-api-context.xml]<br>
]]>
    </line>
    <line>
      <![CDATA[2018-01-23 11:45:44,997  INFO XmlBeanDefinitionReader - Loading XML bean definitions from class path resource [spring/moodle-rest-api-context.xml]<br>
]]>
    </line>
    <line>
      <![CDATA[2018-01-23 11:45:45,048  INFO XmlBeanDefinitionReader - Loading XML bean definitions from class path resource [spring/canvas-rest-api-context.xml]<br>
]]>
    </line>
    <line>
      <![CDATA[2018-01-23 11:45:45,077  INFO XmlBeanDefinitionReader - Loading XML bean definitions from class path resource [spring/blackboard-api-context.xml]<br>
]]>
    </line>
    <line>
      <![CDATA[2018-01-23 11:45:45,095  INFO XmlBeanDefinitionReader - Loading XML bean definitions from class path resource [spring/d2lvalence-rest-api-context.xml]<br>
]]>
    </line>
    <line>
      <![CDATA[2018-01-23 11:45:45,116  INFO XmlBeanDefinitionReader - Loading XML bean definitions from class path resource [spring/sakai-api-context.xml]<br>
]]>
    </line>
    <line>
      <![CDATA[2018-01-23 11:45:45,853  INFO AutowiredAnnotationBeanPostProcessor - JSR-330 'javax.inject.Inject' annotation found and supported for autowiring<br>
]]>
    </line>
    <line>
      <![CDATA[2018-01-23 11:45:45,878  INFO DefaultListableBeanFactory - Pre-instantiating singletons in org.springframework.beans.factory.support.DefaultListableBeanFactory@579cdf24: defining beans [placeholderConfig,angelXmlSerializer,angelServerError,angelRestEndpoint,angelApi,angelCredentials,angelUserName,angelPassword,angelApiRequestsFactory,angelApiUtils,moodleJsonSerializer,serverError,restEndpoint,moodleRestApi,moodleUriParamsMap,moodleApiRequestsFactory,com.mcgraw.test.automation.api.rest.moodle.service.MoodleApiUtils#0,canvasExtObjectMapper,canvasJsonSerializer,canvasServerError,canvasRestEndpoint,canvasRestApi,canvasCredentials,canvasCreds,canvasApiRequestsFactory,com.mcgraw.test.automation.api.rest.canvas.service.CanvasApiUtils#0,blackBoardApi,d2LauthenticationSecurityFactory,iD2LapplicationContext,iD2LuserContext,d2LjsonSerializer,d2LserverError,d2LrestEndpoint,d2LApiRequestsFactory,d2LRestApi,com.mcgraw.test.automation.api.rest.d2l.service.D2LApiUtils#0,sakaiApi,sakaiApiFactory,qaEmailClient,filledMailBox,tegrityImsImportApplication,tegrityInstanceApplication,tegrityInstanceApplicationNoLocalConnector,TegrityInstanceApplicationMyClasses,angelApplication,blackboardApplication,canvasApplication,gradebookApplication,lTIApplication,moodleApplication,sakaiApplication,browserBean,d2lApplication,eCollegeApplication,org.springframework.context.annotation.internalConfigurationAnnotationProcessor,org.springframework.context.annotation.internalAutowiredAnnotationProcessor,org.springframework.context.annotation.internalRequiredAnnotationProcessor,org.springframework.context.annotation.internalCommonAnnotationProcessor,org.springframework.context.annotation.ConfigurationClassPostProcessor.importAwareProcessor]; root of factory hierarchy<br>
]]>
    </line>
    <line>
      <![CDATA[2018-01-23 11:45:46,041  INFO root - Create browser instance with name: defaultDriver<br>
]]>
    </line>
    <line>
      <![CDATA[2018-01-23 11:45:49,433  INFO root - --------------------------------------------------------------------------------------------------------------------<br>
]]>
    </line>
    <line>
      <![CDATA[2018-01-23 11:45:49,434  INFO root - Create browser instance with name 'firefox' in Thread 'main', ID '1'<br>
]]>
    </line>
    <line>
      <![CDATA[2018-01-23 11:45:55,606  INFO root - STARTING TEST CLASS com.mcgraw.test.automation.tests.sakai.TegrityDirectLogin<br>
]]>
    </line>
    <line>
      <![CDATA[2018-01-23 11:45:55,877  INFO root - Sakai api: initialize the session<br>
]]>
    </line>
    <line>
      <![CDATA[2018-01-23 11:45:56,486  INFO root - Closing browser...<br>
]]>
    </line>
    <line>
      <![CDATA[2018-01-23 11:45:56,498  INFO root - Terminating browser...<br>
]]>
    </line>
    <line>
      <![CDATA[2018-01-23 11:45:56,978  INFO root - FINISHING TEST CLASS com.mcgraw.test.automation.tests.sakai.TegrityDirectLogin<br>
]]>
    </line>
  </reporter-output>
  <suite name="Default suite" duration-ms="12826" started-at="2018-01-23T09:45:44Z" finished-at="2018-01-23T09:45:56Z">
    <groups>
    </groups>
    <test name="Default test" duration-ms="12826" started-at="2018-01-23T09:45:44Z" finished-at="2018-01-23T09:45:56Z">
      <class name="com.mcgraw.test.automation.tests.sakai.TegrityDirectLogin">
        <test-method status="PASS" signature="springTestContextBeforeTestClass()[pri:0, instance:com.mcgraw.test.automation.tests.sakai.TegrityDirectLogin@66e43eb8]" name="springTestContextBeforeTestClass" is-config="true" duration-ms="12" started-at="2018-01-23T11:45:44Z" finished-at="2018-01-23T11:45:44Z">
          <reporter-output>
          </reporter-output>
        </test-method> <!-- springTestContextBeforeTestClass -->
        <test-method status="PASS" signature="springTestContextPrepareTestInstance()[pri:0, instance:com.mcgraw.test.automation.tests.sakai.TegrityDirectLogin@66e43eb8]" name="springTestContextPrepareTestInstance" is-config="true" duration-ms="5257" started-at="2018-01-23T11:45:44Z" depends-on-methods="org.springframework.test.context.testng.AbstractTestNGSpringContextTests.springTestContextBeforeTestClass" finished-at="2018-01-23T11:45:49Z">
          <reporter-output>
            <line>
              <![CDATA[2018-01-23 11:45:44,336  INFO XmlBeanDefinitionReader - Loading XML bean definitions from class path resource [spring/general-context.xml]<br>
]]>
            </line>
            <line>
              <![CDATA[2018-01-23 11:45:44,828  INFO XmlBeanDefinitionReader - Loading XML bean definitions from class path resource [spring/properties-context.xml]<br>
]]>
            </line>
            <line>
              <![CDATA[2018-01-23 11:45:44,865  INFO XmlBeanDefinitionReader - Loading XML bean definitions from class path resource [spring/angel-rest-api-context.xml]<br>
]]>
            </line>
            <line>
              <![CDATA[2018-01-23 11:45:44,997  INFO XmlBeanDefinitionReader - Loading XML bean definitions from class path resource [spring/moodle-rest-api-context.xml]<br>
]]>
            </line>
            <line>
              <![CDATA[2018-01-23 11:45:45,048  INFO XmlBeanDefinitionReader - Loading XML bean definitions from class path resource [spring/canvas-rest-api-context.xml]<br>
]]>
            </line>
            <line>
              <![CDATA[2018-01-23 11:45:45,077  INFO XmlBeanDefinitionReader - Loading XML bean definitions from class path resource [spring/blackboard-api-context.xml]<br>
]]>
            </line>
            <line>
              <![CDATA[2018-01-23 11:45:45,095  INFO XmlBeanDefinitionReader - Loading XML bean definitions from class path resource [spring/d2lvalence-rest-api-context.xml]<br>
]]>
            </line>
            <line>
              <![CDATA[2018-01-23 11:45:45,116  INFO XmlBeanDefinitionReader - Loading XML bean definitions from class path resource [spring/sakai-api-context.xml]<br>
]]>
            </line>
            <line>
              <![CDATA[2018-01-23 11:45:45,853  INFO AutowiredAnnotationBeanPostProcessor - JSR-330 'javax.inject.Inject' annotation found and supported for autowiring<br>
]]>
            </line>
            <line>
              <![CDATA[2018-01-23 11:45:45,878  INFO DefaultListableBeanFactory - Pre-instantiating singletons in org.springframework.beans.factory.support.DefaultListableBeanFactory@579cdf24: defining beans [placeholderConfig,angelXmlSerializer,angelServerError,angelRestEndpoint,angelApi,angelCredentials,angelUserName,angelPassword,angelApiRequestsFactory,angelApiUtils,moodleJsonSerializer,serverError,restEndpoint,moodleRestApi,moodleUriParamsMap,moodleApiRequestsFactory,com.mcgraw.test.automation.api.rest.moodle.service.MoodleApiUtils#0,canvasExtObjectMapper,canvasJsonSerializer,canvasServerError,canvasRestEndpoint,canvasRestApi,canvasCredentials,canvasCreds,canvasApiRequestsFactory,com.mcgraw.test.automation.api.rest.canvas.service.CanvasApiUtils#0,blackBoardApi,d2LauthenticationSecurityFactory,iD2LapplicationContext,iD2LuserContext,d2LjsonSerializer,d2LserverError,d2LrestEndpoint,d2LApiRequestsFactory,d2LRestApi,com.mcgraw.test.automation.api.rest.d2l.service.D2LApiUtils#0,sakaiApi,sakaiApiFactory,qaEmailClient,filledMailBox,tegrityImsImportApplication,tegrityInstanceApplication,tegrityInstanceApplicationNoLocalConnector,TegrityInstanceApplicationMyClasses,angelApplication,blackboardApplication,canvasApplication,gradebookApplication,lTIApplication,moodleApplication,sakaiApplication,browserBean,d2lApplication,eCollegeApplication,org.springframework.context.annotation.internalConfigurationAnnotationProcessor,org.springframework.context.annotation.internalAutowiredAnnotationProcessor,org.springframework.context.annotation.internalRequiredAnnotationProcessor,org.springframework.context.annotation.internalCommonAnnotationProcessor,org.springframework.context.annotation.ConfigurationClassPostProcessor.importAwareProcessor]; root of factory hierarchy<br>
]]>
            </line>
            <line>
              <![CDATA[2018-01-23 11:45:46,041  INFO root - Create browser instance with name: defaultDriver<br>
]]>
            </line>
          </reporter-output>
        </test-method> <!-- springTestContextPrepareTestInstance -->
        <test-method status="PASS" signature="prepareTest()[pri:0, instance:com.mcgraw.test.automation.tests.sakai.TegrityDirectLogin@66e43eb8]" name="prepareTest" is-config="true" duration-ms="6442" started-at="2018-01-23T11:45:49Z" description="Preparing WebDriver to run test" finished-at="2018-01-23T11:45:55Z">
          <reporter-output>
            <line>
              <![CDATA[2018-01-23 11:45:49,433  INFO root - --------------------------------------------------------------------------------------------------------------------<br>
]]>
            </line>
            <line>
              <![CDATA[2018-01-23 11:45:49,434  INFO root - Create browser instance with name 'firefox' in Thread 'main', ID '1'<br>
]]>
            </line>
            <line>
              <![CDATA[2018-01-23 11:45:55,606  INFO root - STARTING TEST CLASS com.mcgraw.test.automation.tests.sakai.TegrityDirectLogin<br>
]]>
            </line>
          </reporter-output>
        </test-method> <!-- prepareTest -->
        <test-method status="FAIL" signature="testSuiteSetup()[pri:0, instance:com.mcgraw.test.automation.tests.sakai.TegrityDirectLogin@66e43eb8]" name="testSuiteSetup" is-config="true" duration-ms="0" started-at="2018-01-23T11:45:55Z" finished-at="2018-01-23T11:45:55Z">
          <exception class="org.apache.axis2.AxisFault">
            <message>
              <![CDATA[Transport error: 503 Error: Service Unavailable]]>
            </message>
            <full-stacktrace>
              <![CDATA[org.apache.axis2.AxisFault: Transport error: 503 Error: Service Unavailable
	at org.apache.axis2.transport.http.HTTPSender.handleResponse(HTTPSender.java:310)
	at org.apache.axis2.transport.http.HTTPSender.sendViaPost(HTTPSender.java:200)
	at org.apache.axis2.transport.http.HTTPSender.send(HTTPSender.java:76)
	at org.apache.axis2.transport.http.CommonsHTTPTransportSender.writeMessageWithCommons(CommonsHTTPTransportSender.java:400)
	at org.apache.axis2.transport.http.CommonsHTTPTransportSender.invoke(CommonsHTTPTransportSender.java:225)
	at org.apache.axis2.engine.AxisEngine.send(AxisEngine.java:435)
	at org.apache.axis2.description.OutInAxisOperationClient.send(OutInAxisOperation.java:402)
	at org.apache.axis2.description.OutInAxisOperationClient.executeImpl(OutInAxisOperation.java:229)
	at org.apache.axis2.client.OperationClient.execute(OperationClient.java:165)
	at com.mcgraw.test.automation.api.sakai.generated.sakailogin.SakaiLoginServiceStub.login(SakaiLoginServiceStub.java:205)
	at com.mcgraw.test.automation.api.sakai.service.BaseSakaiApi.loginToSakaiAsAdminAndGetSessionId(BaseSakaiApi.java:59)
	at com.mcgraw.test.automation.api.sakai.service.BaseSakaiApi.getAdminSessionId(BaseSakaiApi.java:53)
	at com.mcgraw.test.automation.api.sakai.service.SakaiApi.createUser(SakaiApi.java:36)
	at com.mcgraw.test.automation.tests.sakai.TegrityDirectLogin.prepareDataInSakai(TegrityDirectLogin.java:144)
	at com.mcgraw.test.automation.tests.sakai.TegrityDirectLogin.testSuiteSetup(TegrityDirectLogin.java:60)
	at sun.reflect.NativeMethodAccessorImpl.invoke0(Native Method)
	at sun.reflect.NativeMethodAccessorImpl.invoke(Unknown Source)
	at sun.reflect.DelegatingMethodAccessorImpl.invoke(Unknown Source)
	at java.lang.reflect.Method.invoke(Unknown Source)
	at org.testng.internal.MethodInvocationHelper.invokeMethod(MethodInvocationHelper.java:84)
	at org.testng.internal.Invoker.invokeConfigurationMethod(Invoker.java:564)
	at org.testng.internal.Invoker.invokeConfigurations(Invoker.java:213)
	at org.testng.internal.Invoker.invokeConfigurations(Invoker.java:138)
	at org.testng.internal.TestMethodWorker.invokeBeforeClassMethods(TestMethodWorker.java:175)
	at org.testng.internal.TestMethodWorker.run(TestMethodWorker.java:107)
	at org.testng.TestRunner.privateRun(TestRunner.java:767)
	at org.testng.TestRunner.run(TestRunner.java:617)
	at org.testng.SuiteRunner.runTest(SuiteRunner.java:334)
	at org.testng.SuiteRunner.runSequentially(SuiteRunner.java:329)
	at org.testng.SuiteRunner.privateRun(SuiteRunner.java:291)
	at org.testng.SuiteRunner.run(SuiteRunner.java:240)
	at org.testng.SuiteRunnerWorker.runSuite(SuiteRunnerWorker.java:52)
	at org.testng.SuiteRunnerWorker.run(SuiteRunnerWorker.java:86)
	at org.testng.TestNG.runSuitesSequentially(TestNG.java:1224)
	at org.testng.TestNG.runSuitesLocally(TestNG.java:1149)
	at org.testng.TestNG.run(TestNG.java:1057)
	at org.testng.remote.AbstractRemoteTestNG.run(AbstractRemoteTestNG.java:114)
	at org.testng.remote.RemoteTestNG.initAndRun(RemoteTestNG.java:251)
	at org.testng.remote.RemoteTestNG.main(RemoteTestNG.java:77)
]]>
            </full-stacktrace>
          </exception> <!-- org.apache.axis2.AxisFault -->
          <reporter-output>
            <line>
              <![CDATA[2018-01-23 11:45:55,877  INFO root - Sakai api: initialize the session<br>
]]>
            </line>
          </reporter-output>
        </test-method> <!-- testSuiteSetup -->
        <test-method status="SKIP" signature="springTestContextBeforeTestMethod(java.lang.reflect.Method)[pri:0, instance:com.mcgraw.test.automation.tests.sakai.TegrityDirectLogin@66e43eb8]" name="springTestContextBeforeTestMethod" is-config="true" duration-ms="0" started-at="2018-01-23T11:45:56Z" finished-at="2018-01-23T11:45:56Z">
          <reporter-output>
          </reporter-output>
        </test-method> <!-- springTestContextBeforeTestMethod -->
        <test-method status="SKIP" signature="checkAuthenticationAndAuthorizationConnectorsAreAvailable()[pri:0, instance:com.mcgraw.test.automation.tests.sakai.TegrityDirectLogin@66e43eb8]" name="checkAuthenticationAndAuthorizationConnectorsAreAvailable" duration-ms="1" started-at="2018-01-23T11:45:56Z" description="Check connectors are availiable" finished-at="2018-01-23T11:45:56Z">
          <reporter-output>
          </reporter-output>
        </test-method> <!-- checkAuthenticationAndAuthorizationConnectorsAreAvailable -->
        <test-method status="SKIP" signature="makeScreenshot()[pri:0, instance:com.mcgraw.test.automation.tests.sakai.TegrityDirectLogin@66e43eb8]" name="makeScreenshot" is-config="true" duration-ms="0" started-at="2018-01-23T11:45:56Z" description="Making screenshot after each test method" finished-at="2018-01-23T11:45:56Z">
          <reporter-output>
          </reporter-output>
        </test-method> <!-- makeScreenshot -->
        <test-method status="PASS" signature="springTestContextAfterTestMethod(java.lang.reflect.Method)[pri:0, instance:com.mcgraw.test.automation.tests.sakai.TegrityDirectLogin@66e43eb8]" name="springTestContextAfterTestMethod" is-config="true" duration-ms="1" started-at="2018-01-23T11:45:56Z" finished-at="2018-01-23T11:45:56Z">
          <params>
            <param index="0">
              <value>
                <![CDATA[public void com.mcgraw.test.automation.tests.sakai.TegrityDirectLogin.checkAuthenticationAndAuthorizationConnectorsAreAvailable() throws java.lang.InterruptedException]]>
              </value>
            </param>
          </params>
          <reporter-output>
          </reporter-output>
        </test-method> <!-- springTestContextAfterTestMethod -->
        <test-method status="SKIP" signature="checkDirectLoginForSakaiInstructor()[pri:0, instance:com.mcgraw.test.automation.tests.sakai.TegrityDirectLogin@66e43eb8]" name="checkDirectLoginForSakaiInstructor" duration-ms="1" started-at="2018-01-23T11:45:56Z" description="For Sakai instructor Tegrity link bahaves correctly" depends-on-methods="com.mcgraw.test.automation.tests.sakai.TegrityDirectLogin.checkAuthenticationAndAuthorizationConnectorsAreAvailable" finished-at="2018-01-23T11:45:56Z">
          <reporter-output>
          </reporter-output>
        </test-method> <!-- checkDirectLoginForSakaiInstructor -->
        <test-method status="SKIP" signature="checkDirectLoginForSakaiStudent()[pri:0, instance:com.mcgraw.test.automation.tests.sakai.TegrityDirectLogin@66e43eb8]" name="checkDirectLoginForSakaiStudent" duration-ms="0" started-at="2018-01-23T11:45:56Z" description="For Sakai student Tegrity link bahaves correctly" depends-on-methods="com.mcgraw.test.automation.tests.sakai.TegrityDirectLogin.checkAuthenticationAndAuthorizationConnectorsAreAvailable" finished-at="2018-01-23T11:45:56Z">
          <reporter-output>
          </reporter-output>
        </test-method> <!-- checkDirectLoginForSakaiStudent -->
        <test-method status="SKIP" signature="testSuiteTearDown()[pri:0, instance:com.mcgraw.test.automation.tests.sakai.TegrityDirectLogin@66e43eb8]" name="testSuiteTearDown" is-config="true" duration-ms="0" started-at="2018-01-23T11:45:56Z" finished-at="2018-01-23T11:45:56Z">
          <reporter-output>
          </reporter-output>
        </test-method> <!-- testSuiteTearDown -->
        <test-method status="PASS" signature="closeAllThreads()[pri:0, instance:com.mcgraw.test.automation.tests.sakai.TegrityDirectLogin@66e43eb8]" name="closeAllThreads" is-config="true" duration-ms="493" started-at="2018-01-23T11:45:56Z" description="Close WebDriver after tests" finished-at="2018-01-23T11:45:56Z">
          <reporter-output>
            <line>
              <![CDATA[2018-01-23 11:45:56,486  INFO root - Closing browser...<br>
]]>
            </line>
            <line>
              <![CDATA[2018-01-23 11:45:56,498  INFO root - Terminating browser...<br>
]]>
            </line>
            <line>
              <![CDATA[2018-01-23 11:45:56,978  INFO root - FINISHING TEST CLASS com.mcgraw.test.automation.tests.sakai.TegrityDirectLogin<br>
]]>
            </line>
          </reporter-output>
        </test-method> <!-- closeAllThreads -->
        <test-method status="PASS" signature="springTestContextAfterTestClass()[pri:0, instance:com.mcgraw.test.automation.tests.sakai.TegrityDirectLogin@66e43eb8]" name="springTestContextAfterTestClass" is-config="true" duration-ms="0" started-at="2018-01-23T11:45:56Z" finished-at="2018-01-23T11:45:56Z">
          <reporter-output>
          </reporter-output>
        </test-method> <!-- springTestContextAfterTestClass -->
      </class> <!-- com.mcgraw.test.automation.tests.sakai.TegrityDirectLogin -->
    </test> <!-- Default test -->
  </suite> <!-- Default suite -->
</testng-results>
