<?xml version="1.0" encoding="UTF-8"?>
<!-- Generated by org.testng.reporters.JUnitXMLReporter -->
<testsuite hostname="Elvira-Lap" name="BlackBoard Exclude All Filter Test" tests="2" failures="0" timestamp="7 Nov 2016 13:49:38 GMT" time="1101.496" errors="0">
  <testcase name="checkTegrityLinkIsAbsentInInstructorsCoursesForExcludeAllFilter" time="38.913" classname="com.mcgraw.test.automation.tests.blackboard.TegrityExcludeAllFilter"/>
  <testcase name="checkTegrityLinkIsAbsentInStudentsCoursesForExcludeAllFilter" time="37.343" classname="com.mcgraw.test.automation.tests.blackboard.TegrityExcludeAllFilter"/>
</testsuite> <!-- BlackBoard Exclude All Filter Test -->
