<?xml version="1.0" encoding="UTF-8"?>
<!-- Generated by org.testng.reporters.JUnitXMLReporter -->
<testsuite hostname="Elvira-Lap" name="BlackBoard Include All Filter Test" tests="6" failures="0" timestamp="7 Nov 2016 14:28:23 GMT" time="1222.436" errors="0">
  <testcase name="checkTegrityLinkIsPresentInInstructorsCoursesForIncludeAllFilter" time="37.403" classname="com.mcgraw.test.automation.tests.blackboard.TegrityIncludeAllFilter"/>
  <testcase name="checkTegrityLinkIsPresentInStudentsCoursesForIncludeAllFilter" time="35.078" classname="com.mcgraw.test.automation.tests.blackboard.TegrityIncludeAllFilter"/>
  <testcase name="checkTegrityLinkBahavesCorrectlyForBlackBoardInstructor" time="23.395" classname="com.mcgraw.test.automation.tests.blackboard.TegrityIncludeAllFilter"/>
  <testcase name="checkTegrityLinkBahavesCorrectlyForBlackBoardStudent" time="31.532" classname="com.mcgraw.test.automation.tests.blackboard.TegrityIncludeAllFilter"/>
  <testcase name="checkTegrityWelcomePageIsCorrectForInstructor" time="23.973" classname="com.mcgraw.test.automation.tests.blackboard.TegrityIncludeAllFilter"/>
  <testcase name="checkTegrityWelcomePageIsCorrectForStudent" time="28.897" classname="com.mcgraw.test.automation.tests.blackboard.TegrityIncludeAllFilter"/>
</testsuite> <!-- BlackBoard Include All Filter Test -->
