<?xml version="1.0" encoding="UTF-8"?>
<!-- Generated by org.testng.reporters.JUnitXMLReporter -->
<testsuite hostname="Elvira-Lap" name="BlackBoard CSV Filter Test" tests="2" failures="0" timestamp="7 Nov 2016 14:08:01 GMT" time="1102.8" errors="0">
  <testcase name="checkTegrityLinkIsPresentInInstructorsCoursesAccordingToCsvFilter" time="38.145" classname="com.mcgraw.test.automation.tests.blackboard.TegrityCsvFilter"/>
  <testcase name="checkTegrityLinkIsPresentInStudentsCoursesAccordingToCsvFilter" time="37.175" classname="com.mcgraw.test.automation.tests.blackboard.TegrityCsvFilter"/>
</testsuite> <!-- BlackBoard CSV Filter Test -->
