<?xml version="1.0" encoding="UTF-8"?>
<!-- Generated by org.testng.reporters.JUnitXMLReporter -->
<testsuite hostname="Elvira-Lap" name="BlackBoard Default Filter Test" tests="2" failures="0" timestamp="7 Nov 2016 13:31:17 GMT" time="1071.383" errors="0">
  <testcase name="checkTegrityLinkIsAbsentInInstructorsCoursesForDefaultFilter" time="39.804" classname="com.mcgraw.test.automation.tests.blackboard.TegrityDefaultFilter"/>
  <testcase name="checkTegrityLinkIsAbsentInStudentsCoursesForDefaultFilter" time="37.782" classname="com.mcgraw.test.automation.tests.blackboard.TegrityDefaultFilter"/>
</testsuite> <!-- BlackBoard Default Filter Test -->
