<?xml version="1.0" encoding="UTF-8"?>
<!-- Generated by org.testng.reporters.JUnitXMLReporter -->
<testsuite hostname="Elvira-Lap" name="Integration Tegrity with Connect Test 3" tests="4" failures="0" timestamp="9 Nov 2016 14:42:28 GMT" time="449.954" errors="0">
  <testcase name="checkDirectLoginIntoConnectforInstructor" time="24.293" classname="com.mcgraw.test.automation.tests.myclasses.IntegrationTegrityWithConnect"/>
  <testcase name="checkTegrityLinkBehavesCorrectlyForInstructor" time="12.551" classname="com.mcgraw.test.automation.tests.myclasses.IntegrationTegrityWithConnect"/>
  <testcase name="checkDirectLoginIntoConnectforStudent" time="46.925" classname="com.mcgraw.test.automation.tests.myclasses.IntegrationTegrityWithConnect"/>
  <testcase name="checkTegrityLinkBehavesCorrectlyForStudent" time="50.771" classname="com.mcgraw.test.automation.tests.myclasses.IntegrationTegrityWithConnect"/>
</testsuite> <!-- Integration Tegrity with Connect Test 3 -->
