<?xml version="1.0" encoding="UTF-8"?>
<!-- Generated by org.testng.reporters.JUnitXMLReporter -->
<testsuite hostname="Elvira-Lap" name="Integration Tegrity with Connect Test 4" tests="4" failures="0" timestamp="9 Nov 2016 14:49:50 GMT" time="442.24" errors="0">
  <testcase name="checkDirectLoginIntoConnectforInstructor" time="23.556" classname="com.mcgraw.test.automation.tests.myclasses.IntegrationTegrityWithConnect"/>
  <testcase name="checkTegrityLinkBehavesCorrectlyForInstructor" time="11.458" classname="com.mcgraw.test.automation.tests.myclasses.IntegrationTegrityWithConnect"/>
  <testcase name="checkDirectLoginIntoConnectforStudent" time="46.565" classname="com.mcgraw.test.automation.tests.myclasses.IntegrationTegrityWithConnect"/>
  <testcase name="checkTegrityLinkBehavesCorrectlyForStudent" time="50.845" classname="com.mcgraw.test.automation.tests.myclasses.IntegrationTegrityWithConnect"/>
</testsuite> <!-- Integration Tegrity with Connect Test 4 -->
