<?xml version="1.0" encoding="UTF-8"?>
<!-- Generated by org.testng.reporters.JUnitXMLReporter -->
<testsuite hostname="Elvira-Lap" name="Integration Tegrity with Connect Test" tests="4" failures="0" timestamp="9 Nov 2016 14:19:38 GMT" time="451.179" errors="0">
  <testcase name="checkDirectLoginIntoConnectforInstructor" time="22.947" classname="com.mcgraw.test.automation.tests.myclasses.IntegrationTegrityWithConnect"/>
  <testcase name="checkTegrityLinkBehavesCorrectlyForInstructor" time="14.124" classname="com.mcgraw.test.automation.tests.myclasses.IntegrationTegrityWithConnect"/>
  <testcase name="checkDirectLoginIntoConnectforStudent" time="47.545" classname="com.mcgraw.test.automation.tests.myclasses.IntegrationTegrityWithConnect"/>
  <testcase name="checkTegrityLinkBehavesCorrectlyForStudent" time="51.079" classname="com.mcgraw.test.automation.tests.myclasses.IntegrationTegrityWithConnect"/>
</testsuite> <!-- Integration Tegrity with Connect Test -->
