<?xml version="1.0" encoding="UTF-8"?>
<!-- Generated by org.testng.reporters.JUnitXMLReporter -->
<testsuite hostname="Elvira-Lap" name="Integration Tegrity with Connect Test 5" tests="4" failures="0" timestamp="9 Nov 2016 14:57:17 GMT" time="446.987" errors="0">
  <testcase name="checkDirectLoginIntoConnectforInstructor" time="27.12" classname="com.mcgraw.test.automation.tests.myclasses.IntegrationTegrityWithConnect"/>
  <testcase name="checkTegrityLinkBehavesCorrectlyForInstructor" time="11.861" classname="com.mcgraw.test.automation.tests.myclasses.IntegrationTegrityWithConnect"/>
  <testcase name="checkDirectLoginIntoConnectforStudent" time="47.105" classname="com.mcgraw.test.automation.tests.myclasses.IntegrationTegrityWithConnect"/>
  <testcase name="checkTegrityLinkBehavesCorrectlyForStudent" time="50.889" classname="com.mcgraw.test.automation.tests.myclasses.IntegrationTegrityWithConnect"/>
</testsuite> <!-- Integration Tegrity with Connect Test 5 -->
