<?xml version="1.0" encoding="UTF-8"?>
<!-- Generated by org.testng.reporters.JUnitXMLReporter -->
<testsuite hostname="Elvira-Lap" name="BlackBoard Gradebook Test" tests="7" failures="0" timestamp="6 Nov 2016 13:51:26 GMT" time="114.585" errors="0">
  <testcase name="checkSubmittingTestScorableItemFormIsSuccessfull" time="6.586" classname="com.mcgraw.test.automation.tests.blackboard.Gradebook"/>
  <testcase name="checkSubmittingTestScoreFormIsSuccessfullForStudent1" time="4.086" classname="com.mcgraw.test.automation.tests.blackboard.Gradebook"/>
  <testcase name="checkSubmittingTestScoreFormIsSuccessfullForStudent2" time="4.405" classname="com.mcgraw.test.automation.tests.blackboard.Gradebook"/>
  <testcase name="checkGradebookItemsAreCorrectForStudent1Course1" time="3.889" classname="com.mcgraw.test.automation.tests.blackboard.Gradebook"/>
  <testcase name="checkGradebookItemsAreCorrectForStudent2Course1" time="2.5" classname="com.mcgraw.test.automation.tests.blackboard.Gradebook"/>
  <testcase name="checkGradebookItemsAreNotPresentForStudent1Course2" time="0.484" classname="com.mcgraw.test.automation.tests.blackboard.Gradebook"/>
  <testcase name="checkGradebookItemsAreNotPresentForStudent2Course2" time="0.465" classname="com.mcgraw.test.automation.tests.blackboard.Gradebook"/>
</testsuite> <!-- BlackBoard Gradebook Test -->
