<?xml version="1.0" encoding="UTF-8"?>
<!-- Generated by org.testng.reporters.JUnitXMLReporter -->
<testsuite hostname="Elvira-Lap" name="BlackBoard Check Connector Buttons Test" tests="8" failures="0" timestamp="6 Nov 2016 15:30:43 GMT" time="442.697" errors="0">
  <testcase name="checkAuthorizationConnectorForInstructor" time="45.415" classname="com.mcgraw.test.automation.tests.blackboard.TestConnectors"/>
  <testcase name="checkAuthorizationConnectorForNotExistingUser" time="44.057" classname="com.mcgraw.test.automation.tests.blackboard.TestConnectors"/>
  <testcase name="checkAuthorizationConnectorForStudent" time="44.217" classname="com.mcgraw.test.automation.tests.blackboard.TestConnectors"/>
  <testcase name="checkGradebookConnector" time="36.239" classname="com.mcgraw.test.automation.tests.blackboard.TestConnectors"/>
  <testcase name="checkResultOfCommonTestButtonForInstructor" time="23.098" classname="com.mcgraw.test.automation.tests.blackboard.TestConnectors"/>
  <testcase name="checkResultOfCommonTestButtonForNotExistingUser" time="23.02" classname="com.mcgraw.test.automation.tests.blackboard.TestConnectors"/>
  <testcase name="checkResultOfCommonTestButtonForStudent" time="22.733" classname="com.mcgraw.test.automation.tests.blackboard.TestConnectors"/>
  <testcase name="checkSsoLinkConnector" time="43.965" classname="com.mcgraw.test.automation.tests.blackboard.TestConnectors"/>
</testsuite> <!-- BlackBoard Check Connector Buttons Test -->
