<?xml version="1.0" encoding="UTF-8"?>
<!-- Generated by org.testng.reporters.JUnitXMLReporter -->
<testsuite hostname="Elvira-Lap" name="BlackBoard Exclude All Filter Test" tests="2" failures="0" timestamp="6 Nov 2016 14:36:34 GMT" time="1362.026" errors="0">
  <testcase name="checkMHCampusLinkIsAbsentInInstructorsCoursesForExcludeAllFilter" time="35.789" classname="com.mcgraw.test.automation.tests.blackboard.ExcludeAllFilter"/>
  <testcase name="checkMHCampusLinkIsAbsentInStudentsCoursesForExcludeAllFilter" time="33.699" classname="com.mcgraw.test.automation.tests.blackboard.ExcludeAllFilter"/>
</testsuite> <!-- BlackBoard Exclude All Filter Test -->
