<?xml version="1.0" encoding="UTF-8"?>
<!-- Generated by org.testng.reporters.JUnitXMLReporter -->
<testsuite hostname="Elvira-Lap" name="BlackBoard Direct Login Test" tests="3" failures="0" timestamp="6 Nov 2016 13:49:32 GMT" time="408.284" errors="0">
  <testcase name="checkAuthenticationAndAuthorizationConnectorsAreAvailable" time="3.678" classname="com.mcgraw.test.automation.tests.blackboard.DirectLoginTest"/>
  <testcase name="checkMHCampusLinkBahavesCorrectlyForBlackBoardInstructor" time="28.793" classname="com.mcgraw.test.automation.tests.blackboard.DirectLoginTest"/>
  <testcase name="checkMHCampusLinkBahavesCorrectlyForBlackBoardStudent" time="28.707" classname="com.mcgraw.test.automation.tests.blackboard.DirectLoginTest"/>
</testsuite> <!-- BlackBoard Direct Login Test -->
