<?xml version="1.0" encoding="UTF-8"?>
<!-- Generated by org.testng.reporters.JUnitXMLReporter -->
<testsuite hostname="Elvira-Lap" name="LTI Test" tests="2" failures="0" timestamp="16 Aug 2016 10:02:36 GMT" time="310.717" errors="0">
  <testcase name="@AfterClass testTearDown" time="0.0" classname="com.mcgraw.test.automation.tests.lti.LtiTest">
    <failure type="java.io.IOException" message="Cannot run program &amp;quot;..\dependencies\DeleteInstance\DeleteInstance.exe&amp;quot;: CreateProcess error=2, The system cannot find the file specified">
      <![CDATA[java.io.IOException: Cannot run program "..\dependencies\DeleteInstance\DeleteInstance.exe": CreateProcess error=2, The system cannot find the file specified
	at java.lang.ProcessBuilder.start(ProcessBuilder.java:1047)
	at java.lang.Runtime.exec(Runtime.java:617)
	at java.lang.Runtime.exec(Runtime.java:450)
	at java.lang.Runtime.exec(Runtime.java:347)
	at com.mcgraw.test.automation.ui.service.InstanceUtils.deleteInstance(InstanceUtils.java:45)
	at com.mcgraw.test.automation.ui.applications.TegrityAdministrationApplication.deleteMhCampusInstance(TegrityAdministrationApplication.java:324)
	at com.mcgraw.test.automation.tests.lti.LtiTest.testTearDown(LtiTest.java:61)
	at com.mcgraw.test.automation.framework.core.runner.CommandLineRunner.run(CommandLineRunner.java:147)
	at com.mcgraw.test.automation.tests.base.TestNgRunner.main(TestNgRunner.java:36)
Caused by: java.io.IOException: CreateProcess error=2, The system cannot find the file specified
	at java.lang.ProcessImpl.create(Native Method)
	at java.lang.ProcessImpl.<init>(ProcessImpl.java:385)
	at java.lang.ProcessImpl.start(ProcessImpl.java:136)
	at java.lang.ProcessBuilder.start(ProcessBuilder.java:1028)
	... 29 more
... Removed 21 stack frames]]>
    </failure>
  </testcase> <!-- @AfterClass testTearDown -->
  <testcase name="checkLTIforInstructor" time="49.768" classname="com.mcgraw.test.automation.tests.lti.LtiTest"/>
  <testcase name="checkLTIforStudent" time="50.396" classname="com.mcgraw.test.automation.tests.lti.LtiTest"/>
</testsuite> <!-- LTI Test -->
