<?xml version="1.0" encoding="UTF-8"?>
<!-- Generated by org.testng.reporters.JUnitXMLReporter -->
<testsuite hostname="Elvira-Lap" name="Canvas Default Filter Test" tests="2" failures="0" timestamp="4 Apr 2016 14:46:08 GMT" time="209.724" errors="0">
  <testcase name="checkMHCampusLinkIsAbsentInInstructorsCoursesForDefaultFilter" time="39.643" classname="com.mcgraw.test.automation.tests.canvas.DefaultFilter"/>
  <testcase name="checkMHCampusLinkIsAbsentInStudentsCoursesForDefaultFilter" time="37.783" classname="com.mcgraw.test.automation.tests.canvas.DefaultFilter"/>
</testsuite> <!-- Canvas Default Filter Test -->
