<?xml version="1.0" encoding="UTF-8"?>
<!-- Generated by org.testng.reporters.JUnitXMLReporter -->
<testsuite hostname="Elvira-Lap" name="Canvas Instructor Level Token with Lti Test" tests="8" failures="0" timestamp="18 May 2016 09:59:16 GMT" time="726.054" errors="0">
  <testcase name="checkMHCampusLinkPresentInCoursesForInstructor1" time="35.823" classname="com.mcgraw.test.automation.tests.canvas.instructorleveltoken.InstructorLevelTokenLti"/>
  <testcase name="checkMHCampusLinkPresentInCoursesForInstructor2" time="38.735" classname="com.mcgraw.test.automation.tests.canvas.instructorleveltoken.InstructorLevelTokenLti"/>
  <testcase name="checkMHCampusLinkPresentInCoursesForStudent" time="38.885" classname="com.mcgraw.test.automation.tests.canvas.instructorleveltoken.InstructorLevelTokenLti"/>
  <testcase name="checkAuthorizePresentForInstructor1Course1" time="51.352" classname="com.mcgraw.test.automation.tests.canvas.instructorleveltoken.InstructorLevelTokenLti"/>
  <testcase name="checkAuthorizeNOTPresentForInstructor1Course2" time="34.432" classname="com.mcgraw.test.automation.tests.canvas.instructorleveltoken.InstructorLevelTokenLti"/>
  <testcase name="checkAuthorizeNOTPresentForInstructor2Course1" time="38.172" classname="com.mcgraw.test.automation.tests.canvas.instructorleveltoken.InstructorLevelTokenLti"/>
  <testcase name="checkAuthorizeNOTPresentForInstructor2Course1AfterInstructor1WasDeleted" time="34.323" classname="com.mcgraw.test.automation.tests.canvas.instructorleveltoken.InstructorLevelTokenLti"/>
  <testcase name="checkMHCampusLinkBahavesCorrectlyForStudent" time="40.022" classname="com.mcgraw.test.automation.tests.canvas.instructorleveltoken.InstructorLevelTokenLti"/>
</testsuite> <!-- Canvas Instructor Level Token with Lti Test -->
