<?xml version="1.0" encoding="UTF-8"?>
<!-- Generated by org.testng.reporters.JUnitXMLReporter -->
<testsuite hostname="Elvira-Lap" name="Canvas Instructor Level Token Gradebook" tests="5" failures="0" timestamp="18 May 2016 10:30:49 GMT" time="1892.005" errors="0">
  <testcase name="checkSubmittingFormsWithTokenAndWithConnectorNotIltAcceptedSuccessfull" time="75.245" classname="com.mcgraw.test.automation.tests.canvas.instructorleveltoken.InstructorLevelTokenGradebook"/>
  <testcase name="checkSubmittingFormsWithTokenAndWitOutConnectorNotIltAcceptedFailure" time="125.054" classname="com.mcgraw.test.automation.tests.canvas.instructorleveltoken.InstructorLevelTokenGradebook"/>
  <testcase name="checkSubmittingFormsWithOutTokenAndWitOutConnectorNotIltAcceptedFailure" time="421.335" classname="com.mcgraw.test.automation.tests.canvas.instructorleveltoken.InstructorLevelTokenGradebook"/>
  <testcase name="checkSubmittingFormsWithTokenAndWitOutConnectorIltAcceptedSuccessfull" time="438.19" classname="com.mcgraw.test.automation.tests.canvas.instructorleveltoken.InstructorLevelTokenGradebook"/>
  <testcase name="checkSubmittingFormsWithOutTokenAndWitOutConnectorIltAcceptedFailure" time="417.847" classname="com.mcgraw.test.automation.tests.canvas.instructorleveltoken.InstructorLevelTokenGradebook"/>
</testsuite> <!-- Canvas Instructor Level Token Gradebook -->
