<?xml version="1.0" encoding="UTF-8"?>
<!-- Generated by org.testng.reporters.JUnitXMLReporter -->
<testsuite hostname="Elvira-Lap" name="Canvas Include Filter Test" tests="4" failures="1" timestamp="17 Aug 2016 10:56:05 GMT" time="502.703" errors="0">
  <testcase name="checkMHCampusLinkIsPresentInInstructorsCoursesForIncludeAllFilter" time="36.626" classname="com.mcgraw.test.automation.tests.canvas.IncludeAllFilter"/>
  <testcase name="checkMHCampusLinkIsPresentInStudentsCoursesForIncludeAllFilter" time="33.05" classname="com.mcgraw.test.automation.tests.canvas.IncludeAllFilter"/>
  <testcase name="checkMHCampusLinkBahavesCorrectlyForInstructor" time="119.964" classname="com.mcgraw.test.automation.tests.canvas.IncludeAllFilter">
    <failure type="com.mcgraw.test.automation.framework.selenium2.ui.exception.ScreenIsNotOpenedException" message="CanvasLoginScreen was not opened!">
      <![CDATA[com.mcgraw.test.automation.framework.selenium2.ui.exception.ScreenIsNotOpenedException: CanvasLoginScreen was not opened!
	at com.mcgraw.test.automation.framework.selenium2.ui.Browser$2.timeoutException(Browser.java:399)
	at com.mcgraw.test.automation.framework.core.timing.SmartWait.until(SmartWait.java:231)
	at com.mcgraw.test.automation.framework.selenium2.ui.Browser.waitForPage(Browser.java:403)
	at com.mcgraw.test.automation.framework.selenium2.ui.Browser.waitForPage(Browser.java:388)
	at com.mcgraw.test.automation.ui.applications.CanvasApplication.logoutFromCanvas(CanvasApplication.java:108)
	at com.mcgraw.test.automation.tests.canvas.IncludeAllFilter.checkMHCampusLinkBahavesCorrectlyForInstructor(IncludeAllFilter.java:151)
	at org.springframework.test.context.testng.AbstractTestNGSpringContextTests.run(AbstractTestNGSpringContextTests.java:155)
... Removed 30 stack frames]]>
    </failure>
  </testcase> <!-- checkMHCampusLinkBahavesCorrectlyForInstructor -->
  <testcase name="checkMHCampusLinkBahavesCorrectlyForStudent" time="47.713" classname="com.mcgraw.test.automation.tests.canvas.IncludeAllFilter"/>
</testsuite> <!-- Canvas Include Filter Test -->
