<?xml version="1.0" encoding="UTF-8"?>
<!-- Generated by org.testng.reporters.JUnitXMLReporter -->
<testsuite hostname="Elvira-Lap" name="Canvas Gradebook Test" tests="7" failures="0" timestamp="17 Aug 2016 11:03:28 GMT" time="203.902" errors="0">
  <testcase name="checkSubmittingTestScorableItemFormIsSuccessfull" time="11.11" classname="com.mcgraw.test.automation.tests.canvas.Gradebook"/>
  <testcase name="checkSubmittingTestScoreFormIsSuccessfullForStudent1" time="7.787" classname="com.mcgraw.test.automation.tests.canvas.Gradebook"/>
  <testcase name="checkSubmittingTestScoreFormIsSuccessfullForStudent2" time="7.616" classname="com.mcgraw.test.automation.tests.canvas.Gradebook"/>
  <testcase name="checkGradebookItemsAreCorrectForStudent1Course1" time="42.344" classname="com.mcgraw.test.automation.tests.canvas.Gradebook"/>
  <testcase name="checkGradebookItemsAreCorrectForStudent2Course1" time="0.704" classname="com.mcgraw.test.automation.tests.canvas.Gradebook"/>
  <testcase name="checkGradebookItemsAreNotPresentForStudent1Course2" time="0.325" classname="com.mcgraw.test.automation.tests.canvas.Gradebook"/>
  <testcase name="checkGradebookItemsAreNotPresentForStudent2Course2" time="0.218" classname="com.mcgraw.test.automation.tests.canvas.Gradebook"/>
</testsuite> <!-- Canvas Gradebook Test -->
