<?xml version="1.0" encoding="UTF-8"?>
<!-- Generated by org.testng.reporters.JUnitXMLReporter -->
<testsuite hostname="Elvira-Lap" name="Instructor All settings disabled Test" tests="15" failures="0" timestamp="1 Jun 2016 08:07:49 GMT" time="153.023" errors="0">
  <testcase name="@BeforeClass testSuiteSetup" time="0.0" classname="com.mcgraw.test.automation.tests.pageappearancesettings.InstructorAllDisabledSettingsTest">
    <failure type="com.mcgraw.test.automation.framework.selenium2.ui.exception.ScreenIsNotOpenedException" message="MhCampusInstanceLoginScreen was not opened!">
      <![CDATA[com.mcgraw.test.automation.framework.selenium2.ui.exception.ScreenIsNotOpenedException: MhCampusInstanceLoginScreen was not opened!
	at com.mcgraw.test.automation.framework.selenium2.ui.Browser$2.timeoutException(Browser.java:399)
	at com.mcgraw.test.automation.framework.core.timing.SmartWait.until(SmartWait.java:231)
	at com.mcgraw.test.automation.framework.selenium2.ui.Browser.waitForPage(Browser.java:403)
	at com.mcgraw.test.automation.framework.selenium2.ui.Browser.waitForPage(Browser.java:388)
	at com.mcgraw.test.automation.framework.selenium2.ui.Browser.openScreen(Browser.java:344)
	at com.mcgraw.test.automation.framework.selenium2.ui.Browser.openScreen(Browser.java:348)
	at com.mcgraw.test.automation.ui.applications.MhCampusInstanceApplication.loginToMhCampusAsUser(MhCampusInstanceApplication.java:58)
	at com.mcgraw.test.automation.tests.pageappearancesettings.BasePageAppearanceSettingsTest.loginToMhcampusAndProcessPopups(BasePageAppearanceSettingsTest.java:195)
	at com.mcgraw.test.automation.tests.pageappearancesettings.BasePageAppearanceSettingsTest.testSuiteSetup(BasePageAppearanceSettingsTest.java:117)
... Removed 24 stack frames]]>
    </failure>
  </testcase> <!-- @BeforeClass testSuiteSetup -->
  <testcase name="@BeforeClass changeInstanceSettingsToDisabledAndLoginAsInstructor" time="0.0" classname="com.mcgraw.test.automation.tests.pageappearancesettings.InstructorAllDisabledSettingsTest">
    <skipped/>
  </testcase> <!-- @BeforeClass changeInstanceSettingsToDisabledAndLoginAsInstructor -->
  <testcase name="@BeforeMethod springTestContextBeforeTestMethod" time="0.0" classname="com.mcgraw.test.automation.tests.pageappearancesettings.InstructorAllDisabledSettingsTest">
    <skipped/>
  </testcase> <!-- @BeforeMethod springTestContextBeforeTestMethod -->
  <testcase name="@AfterMethod makeScreenshot" time="0.0" classname="com.mcgraw.test.automation.tests.pageappearancesettings.InstructorAllDisabledSettingsTest">
    <skipped/>
  </testcase> <!-- @AfterMethod makeScreenshot -->
  <testcase name="@BeforeMethod springTestContextBeforeTestMethod" time="0.0" classname="com.mcgraw.test.automation.tests.pageappearancesettings.InstructorAllDisabledSettingsTest">
    <skipped/>
  </testcase> <!-- @BeforeMethod springTestContextBeforeTestMethod -->
  <testcase name="@AfterMethod makeScreenshot" time="0.0" classname="com.mcgraw.test.automation.tests.pageappearancesettings.InstructorAllDisabledSettingsTest">
    <skipped/>
  </testcase> <!-- @AfterMethod makeScreenshot -->
  <testcase name="@BeforeMethod springTestContextBeforeTestMethod" time="0.0" classname="com.mcgraw.test.automation.tests.pageappearancesettings.InstructorAllDisabledSettingsTest">
    <skipped/>
  </testcase> <!-- @BeforeMethod springTestContextBeforeTestMethod -->
  <testcase name="@AfterMethod makeScreenshot" time="0.0" classname="com.mcgraw.test.automation.tests.pageappearancesettings.InstructorAllDisabledSettingsTest">
    <skipped/>
  </testcase> <!-- @AfterMethod makeScreenshot -->
  <testcase name="@BeforeMethod springTestContextBeforeTestMethod" time="0.0" classname="com.mcgraw.test.automation.tests.pageappearancesettings.InstructorAllDisabledSettingsTest">
    <skipped/>
  </testcase> <!-- @BeforeMethod springTestContextBeforeTestMethod -->
  <testcase name="@AfterMethod makeScreenshot" time="0.0" classname="com.mcgraw.test.automation.tests.pageappearancesettings.InstructorAllDisabledSettingsTest">
    <skipped/>
  </testcase> <!-- @AfterMethod makeScreenshot -->
  <testcase name="@BeforeMethod springTestContextBeforeTestMethod" time="0.0" classname="com.mcgraw.test.automation.tests.pageappearancesettings.InstructorAllDisabledSettingsTest">
    <skipped/>
  </testcase> <!-- @BeforeMethod springTestContextBeforeTestMethod -->
  <testcase name="@AfterMethod makeScreenshot" time="0.0" classname="com.mcgraw.test.automation.tests.pageappearancesettings.InstructorAllDisabledSettingsTest">
    <skipped/>
  </testcase> <!-- @AfterMethod makeScreenshot -->
  <testcase name="@BeforeMethod springTestContextBeforeTestMethod" time="0.0" classname="com.mcgraw.test.automation.tests.pageappearancesettings.InstructorAllDisabledSettingsTest">
    <skipped/>
  </testcase> <!-- @BeforeMethod springTestContextBeforeTestMethod -->
  <testcase name="@AfterMethod makeScreenshot" time="0.0" classname="com.mcgraw.test.automation.tests.pageappearancesettings.InstructorAllDisabledSettingsTest">
    <skipped/>
  </testcase> <!-- @AfterMethod makeScreenshot -->
  <testcase name="@BeforeMethod springTestContextBeforeTestMethod" time="0.0" classname="com.mcgraw.test.automation.tests.pageappearancesettings.InstructorAllDisabledSettingsTest">
    <skipped/>
  </testcase> <!-- @BeforeMethod springTestContextBeforeTestMethod -->
  <testcase name="@AfterMethod makeScreenshot" time="0.0" classname="com.mcgraw.test.automation.tests.pageappearancesettings.InstructorAllDisabledSettingsTest">
    <skipped/>
  </testcase> <!-- @AfterMethod makeScreenshot -->
  <testcase name="@BeforeMethod springTestContextBeforeTestMethod" time="0.0" classname="com.mcgraw.test.automation.tests.pageappearancesettings.InstructorAllDisabledSettingsTest">
    <skipped/>
  </testcase> <!-- @BeforeMethod springTestContextBeforeTestMethod -->
  <testcase name="@AfterMethod makeScreenshot" time="0.0" classname="com.mcgraw.test.automation.tests.pageappearancesettings.InstructorAllDisabledSettingsTest">
    <skipped/>
  </testcase> <!-- @AfterMethod makeScreenshot -->
  <testcase name="@BeforeMethod springTestContextBeforeTestMethod" time="0.0" classname="com.mcgraw.test.automation.tests.pageappearancesettings.InstructorAllDisabledSettingsTest">
    <skipped/>
  </testcase> <!-- @BeforeMethod springTestContextBeforeTestMethod -->
  <testcase name="@AfterMethod makeScreenshot" time="0.0" classname="com.mcgraw.test.automation.tests.pageappearancesettings.InstructorAllDisabledSettingsTest">
    <skipped/>
  </testcase> <!-- @AfterMethod makeScreenshot -->
  <testcase name="@BeforeMethod springTestContextBeforeTestMethod" time="0.0" classname="com.mcgraw.test.automation.tests.pageappearancesettings.InstructorAllDisabledSettingsTest">
    <skipped/>
  </testcase> <!-- @BeforeMethod springTestContextBeforeTestMethod -->
  <testcase name="@AfterMethod makeScreenshot" time="0.0" classname="com.mcgraw.test.automation.tests.pageappearancesettings.InstructorAllDisabledSettingsTest">
    <skipped/>
  </testcase> <!-- @AfterMethod makeScreenshot -->
  <testcase name="@BeforeMethod springTestContextBeforeTestMethod" time="0.0" classname="com.mcgraw.test.automation.tests.pageappearancesettings.InstructorAllDisabledSettingsTest">
    <skipped/>
  </testcase> <!-- @BeforeMethod springTestContextBeforeTestMethod -->
  <testcase name="@AfterMethod makeScreenshot" time="0.0" classname="com.mcgraw.test.automation.tests.pageappearancesettings.InstructorAllDisabledSettingsTest">
    <skipped/>
  </testcase> <!-- @AfterMethod makeScreenshot -->
  <testcase name="@BeforeMethod springTestContextBeforeTestMethod" time="0.0" classname="com.mcgraw.test.automation.tests.pageappearancesettings.InstructorAllDisabledSettingsTest">
    <skipped/>
  </testcase> <!-- @BeforeMethod springTestContextBeforeTestMethod -->
  <testcase name="@AfterMethod makeScreenshot" time="0.0" classname="com.mcgraw.test.automation.tests.pageappearancesettings.InstructorAllDisabledSettingsTest">
    <skipped/>
  </testcase> <!-- @AfterMethod makeScreenshot -->
  <testcase name="@BeforeMethod springTestContextBeforeTestMethod" time="0.0" classname="com.mcgraw.test.automation.tests.pageappearancesettings.InstructorAllDisabledSettingsTest">
    <skipped/>
  </testcase> <!-- @BeforeMethod springTestContextBeforeTestMethod -->
  <testcase name="@AfterMethod makeScreenshot" time="0.0" classname="com.mcgraw.test.automation.tests.pageappearancesettings.InstructorAllDisabledSettingsTest">
    <skipped/>
  </testcase> <!-- @AfterMethod makeScreenshot -->
  <testcase name="@BeforeMethod springTestContextBeforeTestMethod" time="0.0" classname="com.mcgraw.test.automation.tests.pageappearancesettings.InstructorAllDisabledSettingsTest">
    <skipped/>
  </testcase> <!-- @BeforeMethod springTestContextBeforeTestMethod -->
  <testcase name="@AfterMethod makeScreenshot" time="0.0" classname="com.mcgraw.test.automation.tests.pageappearancesettings.InstructorAllDisabledSettingsTest">
    <skipped/>
  </testcase> <!-- @AfterMethod makeScreenshot -->
  <testcase name="@BeforeMethod springTestContextBeforeTestMethod" time="0.0" classname="com.mcgraw.test.automation.tests.pageappearancesettings.InstructorAllDisabledSettingsTest">
    <skipped/>
  </testcase> <!-- @BeforeMethod springTestContextBeforeTestMethod -->
  <testcase name="@AfterMethod makeScreenshot" time="0.0" classname="com.mcgraw.test.automation.tests.pageappearancesettings.InstructorAllDisabledSettingsTest">
    <skipped/>
  </testcase> <!-- @AfterMethod makeScreenshot -->
  <testcase name="@AfterClass testSuiteTearDown" time="0.0" classname="com.mcgraw.test.automation.tests.pageappearancesettings.InstructorAllDisabledSettingsTest">
    <skipped/>
  </testcase> <!-- @AfterClass testSuiteTearDown -->
  <testcase name="testALEKSOptionNotAvailableForZoologyUnderInstructor" time="0.0" classname="com.mcgraw.test.automation.tests.pageappearancesettings.InstructorAllDisabledSettingsTest">
    <skipped/>
  </testcase> <!-- testALEKSOptionNotAvailableForZoologyUnderInstructor -->
  <testcase name="testActivSimOptionNotAvailableForZoologyUnderInstructor" time="0.0" classname="com.mcgraw.test.automation.tests.pageappearancesettings.InstructorAllDisabledSettingsTest">
    <skipped/>
  </testcase> <!-- testActivSimOptionNotAvailableForZoologyUnderInstructor -->
  <testcase name="testAdoptedServicesAreaNotAvailableForZoologyUnderInstructor" time="0.0" classname="com.mcgraw.test.automation.tests.pageappearancesettings.InstructorAllDisabledSettingsTest">
    <skipped/>
  </testcase> <!-- testAdoptedServicesAreaNotAvailableForZoologyUnderInstructor -->
  <testcase name="testConnectMathOptionNotAvailableForAlgebraUnderInstructor" time="0.001" classname="com.mcgraw.test.automation.tests.pageappearancesettings.InstructorAllDisabledSettingsTest">
    <skipped/>
  </testcase> <!-- testConnectMathOptionNotAvailableForAlgebraUnderInstructor -->
  <testcase name="testConnectOptionNotAvailableForMarketingUnderInstructor" time="0.001" classname="com.mcgraw.test.automation.tests.pageappearancesettings.InstructorAllDisabledSettingsTest">
    <skipped/>
  </testcase> <!-- testConnectOptionNotAvailableForMarketingUnderInstructor -->
  <testcase name="testCreateOptionNotAvailableForZoologyUnderInstructor" time="0.001" classname="com.mcgraw.test.automation.tests.pageappearancesettings.InstructorAllDisabledSettingsTest">
    <skipped/>
  </testcase> <!-- testCreateOptionNotAvailableForZoologyUnderInstructor -->
  <testcase name="testCustomizeOptionNotAvailableForMarketingUnderInstructor" time="0.001" classname="com.mcgraw.test.automation.tests.pageappearancesettings.InstructorAllDisabledSettingsTest">
    <skipped/>
  </testcase> <!-- testCustomizeOptionNotAvailableForMarketingUnderInstructor -->
  <testcase name="testGDPOptionNotAvailableForZoologyUnderInstructor" time="0.0" classname="com.mcgraw.test.automation.tests.pageappearancesettings.InstructorAllDisabledSettingsTest">
    <skipped/>
  </testcase> <!-- testGDPOptionNotAvailableForZoologyUnderInstructor -->
  <testcase name="testLaunchEbookOptionNotAvailableForZoologyUnderInstructor" time="0.0" classname="com.mcgraw.test.automation.tests.pageappearancesettings.InstructorAllDisabledSettingsTest">
    <skipped/>
  </testcase> <!-- testLaunchEbookOptionNotAvailableForZoologyUnderInstructor -->
  <testcase name="testLearnSmartOptionNotAvailableForMarketingUnderInstructor" time="0.0" classname="com.mcgraw.test.automation.tests.pageappearancesettings.InstructorAllDisabledSettingsTest">
    <skipped/>
  </testcase> <!-- testLearnSmartOptionNotAvailableForMarketingUnderInstructor -->
  <testcase name="testNonAdoptedServicesAreaNotAvailableForZoologyUnderInstructor" time="0.001" classname="com.mcgraw.test.automation.tests.pageappearancesettings.InstructorAllDisabledSettingsTest">
    <skipped/>
  </testcase> <!-- testNonAdoptedServicesAreaNotAvailableForZoologyUnderInstructor -->
  <testcase name="testRelatedTitlesAreaNotAvailableForAlgebraUnderInstructor" time="0.0" classname="com.mcgraw.test.automation.tests.pageappearancesettings.InstructorAllDisabledSettingsTest">
    <skipped/>
  </testcase> <!-- testRelatedTitlesAreaNotAvailableForAlgebraUnderInstructor -->
  <testcase name="testSimNetOptionNotAvailableForZoologyUnderInstructor" time="0.0" classname="com.mcgraw.test.automation.tests.pageappearancesettings.InstructorAllDisabledSettingsTest">
    <skipped/>
  </testcase> <!-- testSimNetOptionNotAvailableForZoologyUnderInstructor -->
  <testcase name="testTextBookSearchNotAvailableForEmptyCourseUnderInstructor" time="0.001" classname="com.mcgraw.test.automation.tests.pageappearancesettings.InstructorAllDisabledSettingsTest">
    <skipped/>
  </testcase> <!-- testTextBookSearchNotAvailableForEmptyCourseUnderInstructor -->
  <testcase name="testViewOnlineResourcesLinkNotAvailableForZoologyUnderInstructor" time="0.0" classname="com.mcgraw.test.automation.tests.pageappearancesettings.InstructorAllDisabledSettingsTest">
    <skipped/>
  </testcase> <!-- testViewOnlineResourcesLinkNotAvailableForZoologyUnderInstructor -->
</testsuite> <!-- Instructor All settings disabled Test -->
