<?xml version="1.0" encoding="UTF-8"?>
<!-- Generated by org.testng.reporters.JUnitXMLReporter -->
<testsuite hostname="01hw737984" ignored="0" name="Default test" tests="2" failures="0" timestamp="12 Apr 2018 09:57:42 GMT" time="573.458" errors="0">
  <testcase name="VerifyDefaultCDItab" time="0.118" classname="com.mcgraw.test.automation.test.CDIservices.TC11244CDIAdmintest"/>
  <testcase name="CreateCDIcustomer" time="163.541" classname="com.mcgraw.test.automation.test.CDIservices.TC11244CDIAdmintest"/>
</testsuite> <!-- Default test -->
