<?xml version="1.0" encoding="UTF-8"?>
<!-- Generated by org.testng.reporters.JUnitXMLReporter -->
<testsuite hostname="Elvira-Lap" name="Canvas Deep Integration with Connect 3" tests="14" failures="1" timestamp="1 Nov 2016 13:18:20 GMT" time="302.445" errors="0">
  <testcase name="checkApplicationLinkIsPresentForInstructorInConnect" time="50.646" classname="com.mcgraw.test.automation.tests.deepintegration.CanvasDeepIntegrationWithConnect"/>
  <testcase name="checkCourseWasCreatedForInstructorInConnect" time="229.828" classname="com.mcgraw.test.automation.tests.deepintegration.CanvasDeepIntegrationWithConnect">
    <failure type="org.openqa.selenium.NoSuchElementException" message="Cannot find any elements with locators &amp;apos;[By.xpath: //a[contains(text(),&amp;apos;Begin&amp;apos;)]]&amp;apos;. Please, check your definitions.
For documentation on this error, please visit: http://seleniumhq.org/exceptions/no_such_element.html
Build info: version: &amp;apos;2.53.0&amp;apos;, revision: &amp;apos;35ae25b1534ae328c771e0856c93e187490ca824&amp;apos;, time: &amp;apos;2016-03-15 10:43:46&amp;apos;
System info: host: &amp;apos;Elvira-Lap&amp;apos;, ip: &amp;apos;192.168.2.51&amp;apos;, os.name: &amp;apos;Windows 8.1&amp;apos;, os.arch: &amp;apos;amd64&amp;apos;, os.version: &amp;apos;6.3&amp;apos;, java.version: &amp;apos;1.7.0_79&amp;apos;
Driver info: driver.version: unknown">
      <![CDATA[org.openqa.selenium.NoSuchElementException: Cannot find any elements with locators '[By.xpath: //a[contains(text(),'Begin')]]'. Please, check your definitions.
For documentation on this error, please visit: http://seleniumhq.org/exceptions/no_such_element.html
Build info: version: '2.53.0', revision: '35ae25b1534ae328c771e0856c93e187490ca824', time: '2016-03-15 10:43:46'
System info: host: 'Elvira-Lap', ip: '192.168.2.51', os.name: 'Windows 8.1', os.arch: 'amd64', os.version: '6.3', java.version: '1.7.0_79'
Driver info: driver.version: unknown
	at com.mcgraw.test.automation.framework.selenium2.ui.locator.selenium_impl.PredefinedElementLocator.findElement(PredefinedElementLocator.java:99)
	at org.openqa.selenium.support.pagefactory.internal.LocatingElementHandler.invoke(LocatingElementHandler.java:38)
	at com.mcgraw.test.automation.framework.selenium2.ui.proxyhandlers.InvocationHandlerDecorator.invoke(InvocationHandlerDecorator.java:23)
	at com.mcgraw.test.automation.framework.selenium2.ui.proxyhandlers.ScreenshotableElementHandler.invoke(ScreenshotableElementHandler.java:34)
	at com.sun.proxy.$Proxy31.click(Unknown Source)
	at com.mcgraw.test.automation.framework.selenium2.ui.elements.Element.click(Element.java:56)
	at com.mcgraw.test.automation.ui.canvas.CanvasCourseDetailsScreen.beginWithConnect(CanvasCourseDetailsScreen.java:774)
	at com.mcgraw.test.automation.ui.canvas.CanvasCourseDetailsScreen.createCourceInConnect(CanvasCourseDetailsScreen.java:536)
	at com.mcgraw.test.automation.tests.deepintegration.CanvasDeepIntegrationWithConnect.checkCourseWasCreatedForInstructorInConnect(CanvasDeepIntegrationWithConnect.java:137)
	at org.springframework.test.context.testng.AbstractTestNGSpringContextTests.run(AbstractTestNGSpringContextTests.java:155)
... Removed 30 stack frames]]>
    </failure>
  </testcase> <!-- checkCourseWasCreatedForInstructorInConnect -->
  <testcase name="checkCourseHomePageForInstructorInConnect" time="0.0" classname="com.mcgraw.test.automation.tests.deepintegration.CanvasDeepIntegrationWithConnect">
    <skipped/>
  </testcase> <!-- checkCourseHomePageForInstructorInConnect -->
  <testcase name="checkAssagmentsWereCreatedForCourseInConnect" time="0.0" classname="com.mcgraw.test.automation.tests.deepintegration.CanvasDeepIntegrationWithConnect">
    <skipped/>
  </testcase> <!-- checkAssagmentsWereCreatedForCourseInConnect -->
  <testcase name="checkFirstAssagmentInCanvasForInstructor" time="0.0" classname="com.mcgraw.test.automation.tests.deepintegration.CanvasDeepIntegrationWithConnect">
    <skipped/>
  </testcase> <!-- checkFirstAssagmentInCanvasForInstructor -->
  <testcase name="checkSecondAssagmentInCanvasForInstructor" time="0.001" classname="com.mcgraw.test.automation.tests.deepintegration.CanvasDeepIntegrationWithConnect">
    <skipped/>
  </testcase> <!-- checkSecondAssagmentInCanvasForInstructor -->
  <testcase name="checkCourseDetailsForStudentBeforeRegistrationToConnect" time="0.0" classname="com.mcgraw.test.automation.tests.deepintegration.CanvasDeepIntegrationWithConnect">
    <skipped/>
  </testcase> <!-- checkCourseDetailsForStudentBeforeRegistrationToConnect -->
  <testcase name="checkCourseDetailsForStudentAfterRegistrationToConnect" time="0.0" classname="com.mcgraw.test.automation.tests.deepintegration.CanvasDeepIntegrationWithConnect">
    <skipped/>
  </testcase> <!-- checkCourseDetailsForStudentAfterRegistrationToConnect -->
  <testcase name="checkTheDetailsOfCourseInConnectUnderStudent" time="0.0" classname="com.mcgraw.test.automation.tests.deepintegration.CanvasDeepIntegrationWithConnect">
    <skipped/>
  </testcase> <!-- checkTheDetailsOfCourseInConnectUnderStudent -->
  <testcase name="checkFirstAssagmentInCanvasForStudent" time="0.0" classname="com.mcgraw.test.automation.tests.deepintegration.CanvasDeepIntegrationWithConnect">
    <skipped/>
  </testcase> <!-- checkFirstAssagmentInCanvasForStudent -->
  <testcase name="checkSecondAssagmentInCanvasForStudent" time="0.0" classname="com.mcgraw.test.automation.tests.deepintegration.CanvasDeepIntegrationWithConnect">
    <skipped/>
  </testcase> <!-- checkSecondAssagmentInCanvasForStudent -->
  <testcase name="checkGradeIsCorrectForStudentInAssignment2" time="0.0" classname="com.mcgraw.test.automation.tests.deepintegration.CanvasDeepIntegrationWithConnect">
    <skipped/>
  </testcase> <!-- checkGradeIsCorrectForStudentInAssignment2 -->
  <testcase name="checkConnectLinksPresentInCanvasAndResetConnectionForStudent" time="0.0" classname="com.mcgraw.test.automation.tests.deepintegration.CanvasDeepIntegrationWithConnect">
    <skipped/>
  </testcase> <!-- checkConnectLinksPresentInCanvasAndResetConnectionForStudent -->
  <testcase name="checkConnectLinksPresentInCanvasAndResetConnectionForInstructor" time="0.0" classname="com.mcgraw.test.automation.tests.deepintegration.CanvasDeepIntegrationWithConnect">
    <skipped/>
  </testcase> <!-- checkConnectLinksPresentInCanvasAndResetConnectionForInstructor -->
</testsuite> <!-- Canvas Deep Integration with Connect 3 -->
