<?xml version="1.0" encoding="UTF-8"?>
<!-- Generated by org.testng.reporters.JUnitXMLReporter -->
<testsuite hostname="Elvira-Lap" name="CanvasDeepIntegrationWithConnect 4" tests="14" failures="0" timestamp="18 Oct 2016 14:56:31 GMT" time="776.359" errors="0">
  <testcase name="checkApplicationLinkIsPresentForInstructorInConnect" time="43.332" classname="com.mcgraw.test.automation.tests.deepintegration.CanvasDeepIntegrationWithConnect"/>
  <testcase name="checkCourseWasCreatedForInstructorInConnect" time="140.522" classname="com.mcgraw.test.automation.tests.deepintegration.CanvasDeepIntegrationWithConnect"/>
  <testcase name="checkCourseHomePageForInstructorInConnect" time="6.291" classname="com.mcgraw.test.automation.tests.deepintegration.CanvasDeepIntegrationWithConnect"/>
  <testcase name="checkAssagmentsWereCreatedForCourseInConnect" time="135.342" classname="com.mcgraw.test.automation.tests.deepintegration.CanvasDeepIntegrationWithConnect"/>
  <testcase name="checkFirstAssagmentInCanvasForInstructor" time="36.52" classname="com.mcgraw.test.automation.tests.deepintegration.CanvasDeepIntegrationWithConnect"/>
  <testcase name="checkSecondAssagmentInCanvasForInstructor" time="36.615" classname="com.mcgraw.test.automation.tests.deepintegration.CanvasDeepIntegrationWithConnect"/>
  <testcase name="checkCourseDetailsForStudentBeforeRegistrationToConnect" time="38.334" classname="com.mcgraw.test.automation.tests.deepintegration.CanvasDeepIntegrationWithConnect"/>
  <testcase name="checkCourseDetailsForStudentAfterRegistrationToConnect" time="23.246" classname="com.mcgraw.test.automation.tests.deepintegration.CanvasDeepIntegrationWithConnect"/>
  <testcase name="checkTheDetailsOfCourseInConnectUnderStudent" time="18.259" classname="com.mcgraw.test.automation.tests.deepintegration.CanvasDeepIntegrationWithConnect"/>
  <testcase name="checkFirstAssagmentInCanvasForStudent" time="25.452" classname="com.mcgraw.test.automation.tests.deepintegration.CanvasDeepIntegrationWithConnect"/>
  <testcase name="checkSecondAssagmentInCanvasForStudent" time="48.924" classname="com.mcgraw.test.automation.tests.deepintegration.CanvasDeepIntegrationWithConnect"/>
  <testcase name="checkGradeIsCorrectForStudentInAssignment2" time="30.186" classname="com.mcgraw.test.automation.tests.deepintegration.CanvasDeepIntegrationWithConnect"/>
  <testcase name="checkConnectLinksPresentInCanvasAndResetConnectionForStudent" time="58.125" classname="com.mcgraw.test.automation.tests.deepintegration.CanvasDeepIntegrationWithConnect"/>
  <testcase name="checkConnectLinksPresentInCanvasAndResetConnectionForInstructor" time="84.835" classname="com.mcgraw.test.automation.tests.deepintegration.CanvasDeepIntegrationWithConnect"/>
</testsuite> <!-- CanvasDeepIntegrationWithConnect 4 -->
