<?xml version="1.0" encoding="UTF-8"?>
<!-- Generated by org.testng.reporters.JUnitXMLReporter -->
<testsuite hostname="Elvira-Lap" name="CanvasDeepIntegrationWithConnect 7" tests="14" failures="1" timestamp="18 Oct 2016 15:25:11 GMT" time="824.376" errors="0">
  <testcase name="checkApplicationLinkIsPresentForInstructorInConnect" time="43.878" classname="com.mcgraw.test.automation.tests.deepintegration.CanvasDeepIntegrationWithConnect"/>
  <testcase name="checkCourseWasCreatedForInstructorInConnect" time="205.298" classname="com.mcgraw.test.automation.tests.deepintegration.CanvasDeepIntegrationWithConnect"/>
  <testcase name="checkCourseHomePageForInstructorInConnect" time="5.34" classname="com.mcgraw.test.automation.tests.deepintegration.CanvasDeepIntegrationWithConnect"/>
  <testcase name="checkAssagmentsWereCreatedForCourseInConnect" time="134.697" classname="com.mcgraw.test.automation.tests.deepintegration.CanvasDeepIntegrationWithConnect"/>
  <testcase name="checkFirstAssagmentInCanvasForInstructor" time="39.026" classname="com.mcgraw.test.automation.tests.deepintegration.CanvasDeepIntegrationWithConnect"/>
  <testcase name="checkSecondAssagmentInCanvasForInstructor" time="36.015" classname="com.mcgraw.test.automation.tests.deepintegration.CanvasDeepIntegrationWithConnect"/>
  <testcase name="checkCourseDetailsForStudentBeforeRegistrationToConnect" time="118.477" classname="com.mcgraw.test.automation.tests.deepintegration.CanvasDeepIntegrationWithConnect"/>
  <testcase name="checkCourseDetailsForStudentAfterRegistrationToConnect" time="26.352" classname="com.mcgraw.test.automation.tests.deepintegration.CanvasDeepIntegrationWithConnect"/>
  <testcase name="checkTheDetailsOfCourseInConnectUnderStudent" time="18.108" classname="com.mcgraw.test.automation.tests.deepintegration.CanvasDeepIntegrationWithConnect"/>
  <testcase name="checkFirstAssagmentInCanvasForStudent" time="25.438" classname="com.mcgraw.test.automation.tests.deepintegration.CanvasDeepIntegrationWithConnect"/>
  <testcase name="checkSecondAssagmentInCanvasForStudent" time="125.892" classname="com.mcgraw.test.automation.tests.deepintegration.CanvasDeepIntegrationWithConnect">
    <failure type="java.lang.AssertionError" message="Assignment Assignment2v18Ov doesn&amp;apos;t present expected [true] but found [false]">
      <![CDATA[java.lang.AssertionError: Assignment Assignment2v18Ov doesn't present expected [true] but found [false]
	at com.mcgraw.test.automation.framework.core.testng.Assert.verifyTrue(Assert.java:57)
	at com.mcgraw.test.automation.tests.deepintegration.CanvasDeepIntegrationWithConnect.checkSecondAssagmentInCanvasForStudent(CanvasDeepIntegrationWithConnect.java:278)
	at org.springframework.test.context.testng.AbstractTestNGSpringContextTests.run(AbstractTestNGSpringContextTests.java:155)
... Removed 32 stack frames]]>
    </failure>
  </testcase> <!-- checkSecondAssagmentInCanvasForStudent -->
  <testcase name="checkGradeIsCorrectForStudentInAssignment2" time="0.0" classname="com.mcgraw.test.automation.tests.deepintegration.CanvasDeepIntegrationWithConnect">
    <skipped/>
  </testcase> <!-- checkGradeIsCorrectForStudentInAssignment2 -->
  <testcase name="checkConnectLinksPresentInCanvasAndResetConnectionForStudent" time="0.0" classname="com.mcgraw.test.automation.tests.deepintegration.CanvasDeepIntegrationWithConnect">
    <skipped/>
  </testcase> <!-- checkConnectLinksPresentInCanvasAndResetConnectionForStudent -->
  <testcase name="checkConnectLinksPresentInCanvasAndResetConnectionForInstructor" time="0.0" classname="com.mcgraw.test.automation.tests.deepintegration.CanvasDeepIntegrationWithConnect">
    <skipped/>
  </testcase> <!-- checkConnectLinksPresentInCanvasAndResetConnectionForInstructor -->
</testsuite> <!-- CanvasDeepIntegrationWithConnect 7 -->
